<?xml version="1.0" encoding="UTF-8"?>
<!-- Generated by org.testng.reporters.JUnitXMLReporter -->
<testsuite ignored="159" hostname="EC-AUTOMA-001" failures="53" tests="54" name="Emergency" time="1053.48" errors="0" timestamp="2022-09-16T13:59:11 PDT">
  <testcase classname="com.medmantra.testcases.Emergency.TC_029_Emergency_Registration" name="runEmergencyRegistration" time="51.277">
    <failure type="java.lang.RuntimeException" message="See the reporter for details.">
      <![CDATA[java.lang.RuntimeException: See the reporter for details.
at com.framework.utils.Reporter.reportStep(Reporter.java:92)
at com.framework.utils.Reporter.reportStep(Reporter.java:107)
at com.framework.selenium.api.base.SeleniumBase.takeSnap(SeleniumBase.java:913)
at com.framework.utils.Reporter.reportStep(Reporter.java:80)
at com.framework.utils.Reporter.reportStep(Reporter.java:107)
at com.framework.selenium.api.base.SeleniumBase.takeSnap(SeleniumBase.java:913)
at com.framework.utils.Reporter.reportStep(Reporter.java:80)
at com.framework.utils.Reporter.reportStep(Reporter.java:107)
at com.medmantra.pages.RegistrationPage.clickEmergencyRegisterBtn(RegistrationPage.java:605)
at com.medmantra.testcases.Emergency.TC_029_Emergency_Registration.runEmergencyRegistration(TC_029_Emergency_Registration.java:34)
at java.base/java.util.ArrayList.forEach(ArrayList.java:1511)
... Removed 27 stack frames]]>
    </failure>
  </testcase> <!-- runEmergencyRegistration -->
  <testcase classname="com.medmantra.testcases.Emergency.TC_030_Transactions_Dashboard_DoctorAppointment_Walkin" name="runAppointmentWalkin" time="20.058">
    <failure type="java.lang.IllegalArgumentException" message="Keys to send should be a not null CharSequence">
      <![CDATA[java.lang.IllegalArgumentException: Keys to send should be a not null CharSequence
at org.openqa.selenium.remote.RemoteWebElement.sendKeys(RemoteWebElement.java:92)
at com.framework.selenium.api.base.SeleniumBase.type(SeleniumBase.java:342)
at com.medmantra.pages.DoctorsAppoinmentPage.enterUhid(DoctorsAppoinmentPage.java:17)
at com.medmantra.testcases.Emergency.TC_030_Transactions_Dashboard_DoctorAppointment_Walkin.runAppointmentWalkin(TC_030_Transactions_Dashboard_DoctorAppointment_Walkin.java:25)
at java.base/java.util.ArrayList.forEach(ArrayList.java:1511)
... Removed 27 stack frames]]>
    </failure>
  </testcase> <!-- runAppointmentWalkin -->
  <testcase classname="com.medmantra.testcases.Emergency.TC_EmergencyBedBooking" name="runEmergencyBedBooking" time="49.887"/>
  <testcase classname="com.medmantra.testcases.Emergency.TC_040_TransactionsDashboard_Triage_minorconsultant" name="runPendingDashboard" time="103.819">
    <failure type="java.lang.RuntimeException" message="See the reporter for details.">
      <![CDATA[java.lang.RuntimeException: See the reporter for details.
at com.framework.utils.Reporter.reportStep(Reporter.java:92)
at com.framework.utils.Reporter.reportStep(Reporter.java:107)
at com.framework.selenium.api.base.SeleniumBase.locateElement(SeleniumBase.java:632)
at com.framework.selenium.api.base.SeleniumBase.click(SeleniumBase.java:206)
at com.medmantra.pages.EmergencyDashboardPage.clickTriage(EmergencyDashboardPage.java:79)
at com.medmantra.testcases.Emergency.TC_040_TransactionsDashboard_Triage_minorconsultant.runPendingDashboard(TC_040_TransactionsDashboard_Triage_minorconsultant.java:33)
at java.base/java.util.ArrayList.forEach(ArrayList.java:1511)
... Removed 27 stack frames]]>
    </failure>
  </testcase> <!-- runPendingDashboard -->
  <testcase classname="com.medmantra.testcases.Emergency.TC_068_Emergency_WorkList_Doctor_Activities_Raise_Request_Lab" name="runRaiseRequestLab" time="12.742">
    <failure type="java.lang.IllegalArgumentException" message="Keys to send should be a not null CharSequence">
      <![CDATA[java.lang.IllegalArgumentException: Keys to send should be a not null CharSequence
at org.openqa.selenium.remote.RemoteWebElement.sendKeys(RemoteWebElement.java:92)
at com.framework.selenium.api.base.SeleniumBase.type(SeleniumBase.java:342)
at com.medmantra.pages.EmergencyWorkListPage.enterEPNumber(EmergencyWorkListPage.java:16)
at com.medmantra.testcases.Emergency.TC_068_Emergency_WorkList_Doctor_Activities_Raise_Request_Lab.runRaiseRequestLab(TC_068_Emergency_WorkList_Doctor_Activities_Raise_Request_Lab.java:24)
at java.base/java.util.ArrayList.forEach(ArrayList.java:1511)
... Removed 27 stack frames]]>
    </failure>
  </testcase> <!-- runRaiseRequestLab -->
  <testcase classname="com.medmantra.testcases.Emergency.TC_069_Emergency_WorkList_Doctor_Activities_Recurring_Request_Lab" name="runRaiseRecurringRequestLab" time="12.605">
    <failure type="java.lang.IllegalArgumentException" message="Keys to send should be a not null CharSequence">
      <![CDATA[java.lang.IllegalArgumentException: Keys to send should be a not null CharSequence
at org.openqa.selenium.remote.RemoteWebElement.sendKeys(RemoteWebElement.java:92)
at com.framework.selenium.api.base.SeleniumBase.type(SeleniumBase.java:342)
at com.medmantra.pages.EmergencyWorkListPage.enterEPNumber(EmergencyWorkListPage.java:16)
at com.medmantra.testcases.Emergency.TC_069_Emergency_WorkList_Doctor_Activities_Recurring_Request_Lab.runRaiseRecurringRequestLab(TC_069_Emergency_WorkList_Doctor_Activities_Recurring_Request_Lab.java:25)
at java.base/java.util.ArrayList.forEach(ArrayList.java:1511)
... Removed 27 stack frames]]>
    </failure>
  </testcase> <!-- runRaiseRecurringRequestLab -->
  <testcase classname="com.medmantra.testcases.Emergency.TC_070_Emergency_WorkList_Doctor_Activities_Raise_Emergency_Request" name="runRaiseEmergencyRequestLab" time="12.354">
    <failure type="java.lang.IllegalArgumentException" message="Keys to send should be a not null CharSequence">
      <![CDATA[java.lang.IllegalArgumentException: Keys to send should be a not null CharSequence
at org.openqa.selenium.remote.RemoteWebElement.sendKeys(RemoteWebElement.java:92)
at com.framework.selenium.api.base.SeleniumBase.type(SeleniumBase.java:342)
at com.medmantra.pages.EmergencyWorkListPage.enterEPNumber(EmergencyWorkListPage.java:16)
at com.medmantra.testcases.Emergency.TC_070_Emergency_WorkList_Doctor_Activities_Raise_Emergency_Request.runRaiseEmergencyRequestLab(TC_070_Emergency_WorkList_Doctor_Activities_Raise_Emergency_Request.java:25)
at java.base/java.util.ArrayList.forEach(ArrayList.java:1511)
... Removed 27 stack frames]]>
    </failure>
  </testcase> <!-- runRaiseEmergencyRequestLab -->
  <testcase classname="com.medmantra.testcases.Emergency.TC_071_Emergency_WorkList_Doctor_Activities_View_Request" name="runViewRequestLab" time="12.334">
    <failure type="java.lang.IllegalArgumentException" message="Keys to send should be a not null CharSequence">
      <![CDATA[java.lang.IllegalArgumentException: Keys to send should be a not null CharSequence
at org.openqa.selenium.remote.RemoteWebElement.sendKeys(RemoteWebElement.java:92)
at com.framework.selenium.api.base.SeleniumBase.type(SeleniumBase.java:342)
at com.medmantra.pages.EmergencyWorkListPage.enterEPNumber(EmergencyWorkListPage.java:16)
at com.medmantra.testcases.Emergency.TC_071_Emergency_WorkList_Doctor_Activities_View_Request.runViewRequestLab(TC_071_Emergency_WorkList_Doctor_Activities_View_Request.java:24)
at java.base/java.util.ArrayList.forEach(ArrayList.java:1511)
... Removed 27 stack frames]]>
    </failure>
  </testcase> <!-- runViewRequestLab -->
  <testcase classname="com.medmantra.testcases.Emergency.TC_074_Emergency_WorkList_Doctor_Activities_Raise_BB_Surgical_Request" name="runRaiseBBSurgicalRequest" time="12.412">
    <failure type="java.lang.IllegalArgumentException" message="Keys to send should be a not null CharSequence">
      <![CDATA[java.lang.IllegalArgumentException: Keys to send should be a not null CharSequence
at org.openqa.selenium.remote.RemoteWebElement.sendKeys(RemoteWebElement.java:92)
at com.framework.selenium.api.base.SeleniumBase.type(SeleniumBase.java:342)
at com.medmantra.pages.EmergencyWorkListPage.enterEPNumber(EmergencyWorkListPage.java:16)
at com.medmantra.testcases.Emergency.TC_074_Emergency_WorkList_Doctor_Activities_Raise_BB_Surgical_Request.runRaiseBBSurgicalRequest(TC_074_Emergency_WorkList_Doctor_Activities_Raise_BB_Surgical_Request.java:25)
at java.base/java.util.ArrayList.forEach(ArrayList.java:1511)
... Removed 27 stack frames]]>
    </failure>
  </testcase> <!-- runRaiseBBSurgicalRequest -->
  <testcase classname="com.medmantra.testcases.Emergency.TC_075_Emergency_WorkList_Doctor_Activities_Raise_BB_Therapeutic_Request" name="runRaiseBBTherapeuticRequest" time="12.323">
    <failure type="java.lang.IllegalArgumentException" message="Keys to send should be a not null CharSequence">
      <![CDATA[java.lang.IllegalArgumentException: Keys to send should be a not null CharSequence
at org.openqa.selenium.remote.RemoteWebElement.sendKeys(RemoteWebElement.java:92)
at com.framework.selenium.api.base.SeleniumBase.type(SeleniumBase.java:342)
at com.medmantra.pages.EmergencyWorkListPage.enterEPNumber(EmergencyWorkListPage.java:16)
at com.medmantra.testcases.Emergency.TC_075_Emergency_WorkList_Doctor_Activities_Raise_BB_Therapeutic_Request.runRaiseBBTherapeuticRequest(TC_075_Emergency_WorkList_Doctor_Activities_Raise_BB_Therapeutic_Request.java:25)
at java.base/java.util.ArrayList.forEach(ArrayList.java:1511)
... Removed 27 stack frames]]>
    </failure>
  </testcase> <!-- runRaiseBBTherapeuticRequest -->
  <testcase classname="com.medmantra.testcases.Emergency.TC_076_Emergency_WorkList_Doctor_Activities_Raise_BB_Procedure_Request" name="runRaiseBBProcedureRequest" time="12.847">
    <failure type="java.lang.IllegalArgumentException" message="Keys to send should be a not null CharSequence">
      <![CDATA[java.lang.IllegalArgumentException: Keys to send should be a not null CharSequence
at org.openqa.selenium.remote.RemoteWebElement.sendKeys(RemoteWebElement.java:92)
at com.framework.selenium.api.base.SeleniumBase.type(SeleniumBase.java:342)
at com.medmantra.pages.EmergencyWorkListPage.enterEPNumber(EmergencyWorkListPage.java:16)
at com.medmantra.testcases.Emergency.TC_076_Emergency_WorkList_Doctor_Activities_Raise_BB_Procedure_Request.runRaiseBBProcedureRequest(TC_076_Emergency_WorkList_Doctor_Activities_Raise_BB_Procedure_Request.java:25)
at java.base/java.util.ArrayList.forEach(ArrayList.java:1511)
... Removed 27 stack frames]]>
    </failure>
  </testcase> <!-- runRaiseBBProcedureRequest -->
  <testcase classname="com.medmantra.testcases.Emergency.TC_077_Emergency_WorkList_Doctor_Activities_Therapeutic_Request_Fluid_Yes" name="runRaiseBBTherapeuticRequest" time="12.323">
    <failure type="java.lang.IllegalArgumentException" message="Keys to send should be a not null CharSequence">
      <![CDATA[java.lang.IllegalArgumentException: Keys to send should be a not null CharSequence
at org.openqa.selenium.remote.RemoteWebElement.sendKeys(RemoteWebElement.java:92)
at com.framework.selenium.api.base.SeleniumBase.type(SeleniumBase.java:342)
at com.medmantra.pages.EmergencyWorkListPage.enterEPNumber(EmergencyWorkListPage.java:16)
at com.medmantra.testcases.Emergency.TC_077_Emergency_WorkList_Doctor_Activities_Therapeutic_Request_Fluid_Yes.runRaiseBBTherapeuticRequest(TC_077_Emergency_WorkList_Doctor_Activities_Therapeutic_Request_Fluid_Yes.java:26)
at java.base/java.util.ArrayList.forEach(ArrayList.java:1511)
... Removed 27 stack frames]]>
    </failure>
  </testcase> <!-- runRaiseBBTherapeuticRequest -->
  <testcase classname="com.medmantra.testcases.Emergency.TC_078_Emergency_WorkList_Doctor_Activities_Therapeutic_Request_Fluid_No" name="runRaiseBBTherapeuticRequest" time="12.4">
    <failure type="java.lang.IllegalArgumentException" message="Keys to send should be a not null CharSequence">
      <![CDATA[java.lang.IllegalArgumentException: Keys to send should be a not null CharSequence
at org.openqa.selenium.remote.RemoteWebElement.sendKeys(RemoteWebElement.java:92)
at com.framework.selenium.api.base.SeleniumBase.type(SeleniumBase.java:342)
at com.medmantra.pages.EmergencyWorkListPage.enterEPNumber(EmergencyWorkListPage.java:16)
at com.medmantra.testcases.Emergency.TC_078_Emergency_WorkList_Doctor_Activities_Therapeutic_Request_Fluid_No.runRaiseBBTherapeuticRequest(TC_078_Emergency_WorkList_Doctor_Activities_Therapeutic_Request_Fluid_No.java:25)
at java.base/java.util.ArrayList.forEach(ArrayList.java:1511)
... Removed 27 stack frames]]>
    </failure>
  </testcase> <!-- runRaiseBBTherapeuticRequest -->
  <testcase classname="com.medmantra.testcases.Emergency.TC_079_Emergency_WorkList_Doctor_Activities_Therapeutic_Request_Update" name="runUpdateBBTherapeuticRequest" time="12.457">
    <failure type="java.lang.IllegalArgumentException" message="Keys to send should be a not null CharSequence">
      <![CDATA[java.lang.IllegalArgumentException: Keys to send should be a not null CharSequence
at org.openqa.selenium.remote.RemoteWebElement.sendKeys(RemoteWebElement.java:92)
at com.framework.selenium.api.base.SeleniumBase.type(SeleniumBase.java:342)
at com.medmantra.pages.EmergencyWorkListPage.enterEPNumber(EmergencyWorkListPage.java:16)
at com.medmantra.testcases.Emergency.TC_079_Emergency_WorkList_Doctor_Activities_Therapeutic_Request_Update.runUpdateBBTherapeuticRequest(TC_079_Emergency_WorkList_Doctor_Activities_Therapeutic_Request_Update.java:24)
at java.base/java.util.ArrayList.forEach(ArrayList.java:1511)
... Removed 27 stack frames]]>
    </failure>
  </testcase> <!-- runUpdateBBTherapeuticRequest -->
  <testcase classname="com.medmantra.testcases.Emergency.TC_080_Emergency_WorkList_Doctor_Activities_Raise_CSSD_Request" name="runRaiseCSSDRequest" time="12.408">
    <failure type="java.lang.IllegalArgumentException" message="Keys to send should be a not null CharSequence">
      <![CDATA[java.lang.IllegalArgumentException: Keys to send should be a not null CharSequence
at org.openqa.selenium.remote.RemoteWebElement.sendKeys(RemoteWebElement.java:92)
at com.framework.selenium.api.base.SeleniumBase.type(SeleniumBase.java:342)
at com.medmantra.pages.EmergencyWorkListPage.enterEPNumber(EmergencyWorkListPage.java:16)
at com.medmantra.testcases.Emergency.TC_080_Emergency_WorkList_Doctor_Activities_Raise_CSSD_Request.runRaiseCSSDRequest(TC_080_Emergency_WorkList_Doctor_Activities_Raise_CSSD_Request.java:25)
at java.base/java.util.ArrayList.forEach(ArrayList.java:1511)
... Removed 27 stack frames]]>
    </failure>
  </testcase> <!-- runRaiseCSSDRequest -->
  <testcase classname="com.medmantra.testcases.Emergency.TC_083_Emergency_WorkList_Doctor_Activities_Diet_Add_Allergy" name="runAddAllergy" time="12.339">
    <failure type="java.lang.IllegalArgumentException" message="Keys to send should be a not null CharSequence">
      <![CDATA[java.lang.IllegalArgumentException: Keys to send should be a not null CharSequence
at org.openqa.selenium.remote.RemoteWebElement.sendKeys(RemoteWebElement.java:92)
at com.framework.selenium.api.base.SeleniumBase.type(SeleniumBase.java:342)
at com.medmantra.pages.EmergencyWorkListPage.enterEPNumber(EmergencyWorkListPage.java:16)
at com.medmantra.testcases.Emergency.TC_083_Emergency_WorkList_Doctor_Activities_Diet_Add_Allergy.runAddAllergy(TC_083_Emergency_WorkList_Doctor_Activities_Diet_Add_Allergy.java:28)
at java.base/java.util.ArrayList.forEach(ArrayList.java:1511)
... Removed 27 stack frames]]>
    </failure>
  </testcase> <!-- runAddAllergy -->
  <testcase classname="com.medmantra.testcases.Emergency.TC_084_Emergency_WorkList_Doctor_Activities_Diet_Update_Allergy" name="runUpdateAllergy" time="12.344">
    <failure type="java.lang.IllegalArgumentException" message="Keys to send should be a not null CharSequence">
      <![CDATA[java.lang.IllegalArgumentException: Keys to send should be a not null CharSequence
at org.openqa.selenium.remote.RemoteWebElement.sendKeys(RemoteWebElement.java:92)
at com.framework.selenium.api.base.SeleniumBase.type(SeleniumBase.java:342)
at com.medmantra.pages.EmergencyWorkListPage.enterEPNumber(EmergencyWorkListPage.java:16)
at com.medmantra.testcases.Emergency.TC_084_Emergency_WorkList_Doctor_Activities_Diet_Update_Allergy.runUpdateAllergy(TC_084_Emergency_WorkList_Doctor_Activities_Diet_Update_Allergy.java:24)
at java.base/java.util.ArrayList.forEach(ArrayList.java:1511)
... Removed 27 stack frames]]>
    </failure>
  </testcase> <!-- runUpdateAllergy -->
  <testcase classname="com.medmantra.testcases.Emergency.TC_085_Emergency_WorkList_Doctor_Activities_Diet_Inactive_Allergy" name="runInactiveAllergy" time="12.512">
    <failure type="java.lang.IllegalArgumentException" message="Keys to send should be a not null CharSequence">
      <![CDATA[java.lang.IllegalArgumentException: Keys to send should be a not null CharSequence
at org.openqa.selenium.remote.RemoteWebElement.sendKeys(RemoteWebElement.java:92)
at com.framework.selenium.api.base.SeleniumBase.type(SeleniumBase.java:342)
at com.medmantra.pages.EmergencyWorkListPage.enterEPNumber(EmergencyWorkListPage.java:16)
at com.medmantra.testcases.Emergency.TC_085_Emergency_WorkList_Doctor_Activities_Diet_Inactive_Allergy.runInactiveAllergy(TC_085_Emergency_WorkList_Doctor_Activities_Diet_Inactive_Allergy.java:24)
at java.base/java.util.ArrayList.forEach(ArrayList.java:1511)
... Removed 27 stack frames]]>
    </failure>
  </testcase> <!-- runInactiveAllergy -->
  <testcase classname="com.medmantra.testcases.Emergency.TC_081_Emergency_WorkList_Doctor_Activities_Raise_Diet_Request" name="runRaiseDietRequest" time="12.295">
    <failure type="java.lang.IllegalArgumentException" message="Keys to send should be a not null CharSequence">
      <![CDATA[java.lang.IllegalArgumentException: Keys to send should be a not null CharSequence
at org.openqa.selenium.remote.RemoteWebElement.sendKeys(RemoteWebElement.java:92)
at com.framework.selenium.api.base.SeleniumBase.type(SeleniumBase.java:342)
at com.medmantra.pages.EmergencyWorkListPage.enterEPNumber(EmergencyWorkListPage.java:16)
at com.medmantra.testcases.Emergency.TC_081_Emergency_WorkList_Doctor_Activities_Raise_Diet_Request.runRaiseDietRequest(TC_081_Emergency_WorkList_Doctor_Activities_Raise_Diet_Request.java:25)
at java.base/java.util.ArrayList.forEach(ArrayList.java:1511)
... Removed 27 stack frames]]>
    </failure>
  </testcase> <!-- runRaiseDietRequest -->
  <testcase classname="com.medmantra.testcases.Emergency.TC_086_Emergency_WorkList_Doctor_Activities_Raise_Equipment_Request" name="runRaiseEquipmentRequest" time="12.936">
    <failure type="java.lang.IllegalArgumentException" message="Keys to send should be a not null CharSequence">
      <![CDATA[java.lang.IllegalArgumentException: Keys to send should be a not null CharSequence
at org.openqa.selenium.remote.RemoteWebElement.sendKeys(RemoteWebElement.java:92)
at com.framework.selenium.api.base.SeleniumBase.type(SeleniumBase.java:342)
at com.medmantra.pages.EmergencyWorkListPage.enterEPNumber(EmergencyWorkListPage.java:16)
at com.medmantra.testcases.Emergency.TC_086_Emergency_WorkList_Doctor_Activities_Raise_Equipment_Request.runRaiseEquipmentRequest(TC_086_Emergency_WorkList_Doctor_Activities_Raise_Equipment_Request.java:24)
at java.base/java.util.ArrayList.forEach(ArrayList.java:1511)
... Removed 27 stack frames]]>
    </failure>
  </testcase> <!-- runRaiseEquipmentRequest -->
  <testcase classname="com.medmantra.testcases.Emergency.TC_087_Emergency_WorkList_Doctor_Activities_Raise_Forms_Request_Personal" name="runRaiseFormsRequest" time="12.292">
    <failure type="java.lang.IllegalArgumentException" message="Keys to send should be a not null CharSequence">
      <![CDATA[java.lang.IllegalArgumentException: Keys to send should be a not null CharSequence
at org.openqa.selenium.remote.RemoteWebElement.sendKeys(RemoteWebElement.java:92)
at com.framework.selenium.api.base.SeleniumBase.type(SeleniumBase.java:342)
at com.medmantra.pages.EmergencyWorkListPage.enterEPNumber(EmergencyWorkListPage.java:16)
at com.medmantra.testcases.Emergency.TC_087_Emergency_WorkList_Doctor_Activities_Raise_Forms_Request_Personal.runRaiseFormsRequest(TC_087_Emergency_WorkList_Doctor_Activities_Raise_Forms_Request_Personal.java:24)
at java.base/java.util.ArrayList.forEach(ArrayList.java:1511)
... Removed 27 stack frames]]>
    </failure>
  </testcase> <!-- runRaiseFormsRequest -->
  <testcase classname="com.medmantra.testcases.Emergency.TC_088_Emergency_WorkList_Doctor_Activities_Raise_Forms_Request_Location" name="runRaiseFormsRequestLocation" time="12.458">
    <failure type="java.lang.IllegalArgumentException" message="Keys to send should be a not null CharSequence">
      <![CDATA[java.lang.IllegalArgumentException: Keys to send should be a not null CharSequence
at org.openqa.selenium.remote.RemoteWebElement.sendKeys(RemoteWebElement.java:92)
at com.framework.selenium.api.base.SeleniumBase.type(SeleniumBase.java:342)
at com.medmantra.pages.EmergencyWorkListPage.enterEPNumber(EmergencyWorkListPage.java:16)
at com.medmantra.testcases.Emergency.TC_088_Emergency_WorkList_Doctor_Activities_Raise_Forms_Request_Location.runRaiseFormsRequestLocation(TC_088_Emergency_WorkList_Doctor_Activities_Raise_Forms_Request_Location.java:25)
at java.base/java.util.ArrayList.forEach(ArrayList.java:1511)
... Removed 27 stack frames]]>
    </failure>
  </testcase> <!-- runRaiseFormsRequestLocation -->
  <testcase classname="com.medmantra.testcases.Emergency.TC_089_Emergency_WorkList_Doctor_Activities_Raise_LHK_Request" name="runRaiseLHKRequest" time="12.421">
    <failure type="java.lang.IllegalArgumentException" message="Keys to send should be a not null CharSequence">
      <![CDATA[java.lang.IllegalArgumentException: Keys to send should be a not null CharSequence
at org.openqa.selenium.remote.RemoteWebElement.sendKeys(RemoteWebElement.java:92)
at com.framework.selenium.api.base.SeleniumBase.type(SeleniumBase.java:342)
at com.medmantra.pages.EmergencyWorkListPage.enterEPNumber(EmergencyWorkListPage.java:16)
at com.medmantra.testcases.Emergency.TC_089_Emergency_WorkList_Doctor_Activities_Raise_LHK_Request.runRaiseLHKRequest(TC_089_Emergency_WorkList_Doctor_Activities_Raise_LHK_Request.java:24)
at java.base/java.util.ArrayList.forEach(ArrayList.java:1511)
... Removed 27 stack frames]]>
    </failure>
  </testcase> <!-- runRaiseLHKRequest -->
  <testcase classname="com.medmantra.testcases.Emergency.TC_096_Emergency_WorkList_Doctor_Activities_Raise_Other_Request" name="runRaiseOtherRequest" time="12.547">
    <failure type="java.lang.IllegalArgumentException" message="Keys to send should be a not null CharSequence">
      <![CDATA[java.lang.IllegalArgumentException: Keys to send should be a not null CharSequence
at org.openqa.selenium.remote.RemoteWebElement.sendKeys(RemoteWebElement.java:92)
at com.framework.selenium.api.base.SeleniumBase.type(SeleniumBase.java:342)
at com.medmantra.pages.EmergencyWorkListPage.enterEPNumber(EmergencyWorkListPage.java:16)
at com.medmantra.testcases.Emergency.TC_096_Emergency_WorkList_Doctor_Activities_Raise_Other_Request.runRaiseOtherRequest(TC_096_Emergency_WorkList_Doctor_Activities_Raise_Other_Request.java:25)
at java.base/java.util.ArrayList.forEach(ArrayList.java:1511)
... Removed 27 stack frames]]>
    </failure>
  </testcase> <!-- runRaiseOtherRequest -->
  <testcase classname="com.medmantra.testcases.Emergency.TC_101_Emergency_WorkList_Doctor_Activities_Pharmacy_Add_Alias" name="runAddAlias" time="12.592">
    <failure type="java.lang.IllegalArgumentException" message="Keys to send should be a not null CharSequence">
      <![CDATA[java.lang.IllegalArgumentException: Keys to send should be a not null CharSequence
at org.openqa.selenium.remote.RemoteWebElement.sendKeys(RemoteWebElement.java:92)
at com.framework.selenium.api.base.SeleniumBase.type(SeleniumBase.java:342)
at com.medmantra.pages.EmergencyWorkListPage.enterEPNumber(EmergencyWorkListPage.java:16)
at com.medmantra.testcases.Emergency.TC_101_Emergency_WorkList_Doctor_Activities_Pharmacy_Add_Alias.runAddAlias(TC_101_Emergency_WorkList_Doctor_Activities_Pharmacy_Add_Alias.java:29)
at java.base/java.util.ArrayList.forEach(ArrayList.java:1511)
... Removed 27 stack frames]]>
    </failure>
  </testcase> <!-- runAddAlias -->
  <testcase classname="com.medmantra.testcases.Emergency.TC_103_Emergency_WorkList_Doctor_Activities_Pharmacy_Delete_Drug_Alias" name="runDeleteDrugFromAlias" time="12.677">
    <failure type="java.lang.IllegalArgumentException" message="Keys to send should be a not null CharSequence">
      <![CDATA[java.lang.IllegalArgumentException: Keys to send should be a not null CharSequence
at org.openqa.selenium.remote.RemoteWebElement.sendKeys(RemoteWebElement.java:92)
at com.framework.selenium.api.base.SeleniumBase.type(SeleniumBase.java:342)
at com.medmantra.pages.EmergencyWorkListPage.enterEPNumber(EmergencyWorkListPage.java:16)
at com.medmantra.testcases.Emergency.TC_103_Emergency_WorkList_Doctor_Activities_Pharmacy_Delete_Drug_Alias.runDeleteDrugFromAlias(TC_103_Emergency_WorkList_Doctor_Activities_Pharmacy_Delete_Drug_Alias.java:24)
at java.base/java.util.ArrayList.forEach(ArrayList.java:1511)
... Removed 27 stack frames]]>
    </failure>
  </testcase> <!-- runDeleteDrugFromAlias -->
  <testcase classname="com.medmantra.testcases.Emergency.TC_102_Emergency_WorkList_Doctor_Activities_Pharmacy_Delete_Alias" name="runDeleteAlias" time="12.637">
    <failure type="java.lang.IllegalArgumentException" message="Keys to send should be a not null CharSequence">
      <![CDATA[java.lang.IllegalArgumentException: Keys to send should be a not null CharSequence
at org.openqa.selenium.remote.RemoteWebElement.sendKeys(RemoteWebElement.java:92)
at com.framework.selenium.api.base.SeleniumBase.type(SeleniumBase.java:342)
at com.medmantra.pages.EmergencyWorkListPage.enterEPNumber(EmergencyWorkListPage.java:16)
at com.medmantra.testcases.Emergency.TC_102_Emergency_WorkList_Doctor_Activities_Pharmacy_Delete_Alias.runDeleteAlias(TC_102_Emergency_WorkList_Doctor_Activities_Pharmacy_Delete_Alias.java:24)
at java.base/java.util.ArrayList.forEach(ArrayList.java:1511)
... Removed 27 stack frames]]>
    </failure>
  </testcase> <!-- runDeleteAlias -->
  <testcase classname="com.medmantra.testcases.Emergency.TC_104_Emergency_WorkList_Doctor_Activities_Raise_Radiology_Request" name="runRaiseRadiologyRequest" time="13.043">
    <failure type="java.lang.IllegalArgumentException" message="Keys to send should be a not null CharSequence">
      <![CDATA[java.lang.IllegalArgumentException: Keys to send should be a not null CharSequence
at org.openqa.selenium.remote.RemoteWebElement.sendKeys(RemoteWebElement.java:92)
at com.framework.selenium.api.base.SeleniumBase.type(SeleniumBase.java:342)
at com.medmantra.pages.EmergencyWorkListPage.enterEPNumber(EmergencyWorkListPage.java:16)
at com.medmantra.testcases.Emergency.TC_104_Emergency_WorkList_Doctor_Activities_Raise_Radiology_Request.runRaiseRadiologyRequest(TC_104_Emergency_WorkList_Doctor_Activities_Raise_Radiology_Request.java:25)
at java.base/java.util.ArrayList.forEach(ArrayList.java:1511)
... Removed 27 stack frames]]>
    </failure>
  </testcase> <!-- runRaiseRadiologyRequest -->
  <testcase classname="com.medmantra.testcases.Emergency.TC_106_Emergency_WorkList_Doctor_Activities_Raise_Radiology_Previous_Request" name="runRaiseRadiologyPreviousRequest" time="12.506">
    <failure type="java.lang.IllegalArgumentException" message="Keys to send should be a not null CharSequence">
      <![CDATA[java.lang.IllegalArgumentException: Keys to send should be a not null CharSequence
at org.openqa.selenium.remote.RemoteWebElement.sendKeys(RemoteWebElement.java:92)
at com.framework.selenium.api.base.SeleniumBase.type(SeleniumBase.java:342)
at com.medmantra.pages.EmergencyWorkListPage.enterEPNumber(EmergencyWorkListPage.java:16)
at com.medmantra.testcases.Emergency.TC_106_Emergency_WorkList_Doctor_Activities_Raise_Radiology_Previous_Request.runRaiseRadiologyPreviousRequest(TC_106_Emergency_WorkList_Doctor_Activities_Raise_Radiology_Previous_Request.java:25)
at java.base/java.util.ArrayList.forEach(ArrayList.java:1511)
... Removed 27 stack frames]]>
    </failure>
  </testcase> <!-- runRaiseRadiologyPreviousRequest -->
  <testcase classname="com.medmantra.testcases.Emergency.TC_107_Emergency_WorkList_Doctor_Activities_Radiology_View_Clinical_Notes" name="runViewClinicalNotes" time="12.465">
    <failure type="java.lang.IllegalArgumentException" message="Keys to send should be a not null CharSequence">
      <![CDATA[java.lang.IllegalArgumentException: Keys to send should be a not null CharSequence
at org.openqa.selenium.remote.RemoteWebElement.sendKeys(RemoteWebElement.java:92)
at com.framework.selenium.api.base.SeleniumBase.type(SeleniumBase.java:342)
at com.medmantra.pages.EmergencyWorkListPage.enterEPNumber(EmergencyWorkListPage.java:16)
at com.medmantra.testcases.Emergency.TC_107_Emergency_WorkList_Doctor_Activities_Radiology_View_Clinical_Notes.runViewClinicalNotes(TC_107_Emergency_WorkList_Doctor_Activities_Radiology_View_Clinical_Notes.java:25)
at java.base/java.util.ArrayList.forEach(ArrayList.java:1511)
... Removed 27 stack frames]]>
    </failure>
  </testcase> <!-- runViewClinicalNotes -->
  <testcase classname="com.medmantra.testcases.Emergency.TC_108_Emergency_WorkList_Doctor_Activities_Radiology_View_Prerequisites" name="runViewPrerequisites" time="12.513">
    <failure type="java.lang.IllegalArgumentException" message="Keys to send should be a not null CharSequence">
      <![CDATA[java.lang.IllegalArgumentException: Keys to send should be a not null CharSequence
at org.openqa.selenium.remote.RemoteWebElement.sendKeys(RemoteWebElement.java:92)
at com.framework.selenium.api.base.SeleniumBase.type(SeleniumBase.java:342)
at com.medmantra.pages.EmergencyWorkListPage.enterEPNumber(EmergencyWorkListPage.java:16)
at com.medmantra.testcases.Emergency.TC_108_Emergency_WorkList_Doctor_Activities_Radiology_View_Prerequisites.runViewPrerequisites(TC_108_Emergency_WorkList_Doctor_Activities_Radiology_View_Prerequisites.java:25)
at java.base/java.util.ArrayList.forEach(ArrayList.java:1511)
... Removed 27 stack frames]]>
    </failure>
  </testcase> <!-- runViewPrerequisites -->
  <testcase classname="com.medmantra.testcases.Emergency.TC_110_Emergency_WorkList_Doctor_Activities_Radiology_Save_Aneasthesia" name="runAnesthesiaRequest" time="12.32">
    <failure type="java.lang.IllegalArgumentException" message="Keys to send should be a not null CharSequence">
      <![CDATA[java.lang.IllegalArgumentException: Keys to send should be a not null CharSequence
at org.openqa.selenium.remote.RemoteWebElement.sendKeys(RemoteWebElement.java:92)
at com.framework.selenium.api.base.SeleniumBase.type(SeleniumBase.java:342)
at com.medmantra.pages.EmergencyWorkListPage.enterEPNumber(EmergencyWorkListPage.java:16)
at com.medmantra.testcases.Emergency.TC_110_Emergency_WorkList_Doctor_Activities_Radiology_Save_Aneasthesia.runAnesthesiaRequest(TC_110_Emergency_WorkList_Doctor_Activities_Radiology_Save_Aneasthesia.java:26)
at java.base/java.util.ArrayList.forEach(ArrayList.java:1511)
... Removed 27 stack frames]]>
    </failure>
  </testcase> <!-- runAnesthesiaRequest -->
  <testcase classname="com.medmantra.testcases.Emergency.TC_111_Emergency_WorkList_Doctor_Activities_Radiology_Upload_Consent" name="runUploadConsent" time="12.221">
    <failure type="java.lang.IllegalArgumentException" message="Keys to send should be a not null CharSequence">
      <![CDATA[java.lang.IllegalArgumentException: Keys to send should be a not null CharSequence
at org.openqa.selenium.remote.RemoteWebElement.sendKeys(RemoteWebElement.java:92)
at com.framework.selenium.api.base.SeleniumBase.type(SeleniumBase.java:342)
at com.medmantra.pages.EmergencyWorkListPage.enterEPNumber(EmergencyWorkListPage.java:16)
at com.medmantra.testcases.Emergency.TC_111_Emergency_WorkList_Doctor_Activities_Radiology_Upload_Consent.runUploadConsent(TC_111_Emergency_WorkList_Doctor_Activities_Radiology_Upload_Consent.java:25)
at java.base/java.util.ArrayList.forEach(ArrayList.java:1511)
... Removed 27 stack frames]]>
    </failure>
  </testcase> <!-- runUploadConsent -->
  <testcase classname="com.medmantra.testcases.Emergency.TC_112_Emergency_WorkList_Doctor_Activities_Raise_Rehabilitation_Request" name="runRaiseRehabilitationRequest" time="12.513">
    <failure type="java.lang.IllegalArgumentException" message="Keys to send should be a not null CharSequence">
      <![CDATA[java.lang.IllegalArgumentException: Keys to send should be a not null CharSequence
at org.openqa.selenium.remote.RemoteWebElement.sendKeys(RemoteWebElement.java:92)
at com.framework.selenium.api.base.SeleniumBase.type(SeleniumBase.java:342)
at com.medmantra.pages.EmergencyWorkListPage.enterEPNumber(EmergencyWorkListPage.java:16)
at com.medmantra.testcases.Emergency.TC_112_Emergency_WorkList_Doctor_Activities_Raise_Rehabilitation_Request.runRaiseRehabilitationRequest(TC_112_Emergency_WorkList_Doctor_Activities_Raise_Rehabilitation_Request.java:24)
at java.base/java.util.ArrayList.forEach(ArrayList.java:1511)
... Removed 27 stack frames]]>
    </failure>
  </testcase> <!-- runRaiseRehabilitationRequest -->
  <testcase classname="com.medmantra.testcases.Emergency.TC_113_Emergency_WorkList_Doctor_Activities_Raised_Services" name="runRaisedServices" time="12.515">
    <failure type="java.lang.IllegalArgumentException" message="Keys to send should be a not null CharSequence">
      <![CDATA[java.lang.IllegalArgumentException: Keys to send should be a not null CharSequence
at org.openqa.selenium.remote.RemoteWebElement.sendKeys(RemoteWebElement.java:92)
at com.framework.selenium.api.base.SeleniumBase.type(SeleniumBase.java:342)
at com.medmantra.pages.EmergencyWorkListPage.enterEPNumber(EmergencyWorkListPage.java:16)
at com.medmantra.testcases.Emergency.TC_113_Emergency_WorkList_Doctor_Activities_Raised_Services.runRaisedServices(TC_113_Emergency_WorkList_Doctor_Activities_Raised_Services.java:24)
at java.base/java.util.ArrayList.forEach(ArrayList.java:1511)
... Removed 27 stack frames]]>
    </failure>
  </testcase> <!-- runRaisedServices -->
  <testcase classname="com.medmantra.testcases.Emergency.TC_114_Emergency_WorkList_Doctor_Activities_Package_Request_Save" name="runPackageRequestSave" time="12.255">
    <failure type="java.lang.IllegalArgumentException" message="Keys to send should be a not null CharSequence">
      <![CDATA[java.lang.IllegalArgumentException: Keys to send should be a not null CharSequence
at org.openqa.selenium.remote.RemoteWebElement.sendKeys(RemoteWebElement.java:92)
at com.framework.selenium.api.base.SeleniumBase.type(SeleniumBase.java:342)
at com.medmantra.pages.EmergencyWorkListPage.enterEPNumber(EmergencyWorkListPage.java:16)
at com.medmantra.testcases.Emergency.TC_114_Emergency_WorkList_Doctor_Activities_Package_Request_Save.runPackageRequestSave(TC_114_Emergency_WorkList_Doctor_Activities_Package_Request_Save.java:24)
at java.base/java.util.ArrayList.forEach(ArrayList.java:1511)
... Removed 27 stack frames]]>
    </failure>
  </testcase> <!-- runPackageRequestSave -->
  <testcase classname="com.medmantra.testcases.Emergency.TC_115_Emergency_WorkList_Doctor_Activities_Package_Request_Update" name="runPackageRequestUpdate" time="12.577">
    <failure type="java.lang.IllegalArgumentException" message="Keys to send should be a not null CharSequence">
      <![CDATA[java.lang.IllegalArgumentException: Keys to send should be a not null CharSequence
at org.openqa.selenium.remote.RemoteWebElement.sendKeys(RemoteWebElement.java:92)
at com.framework.selenium.api.base.SeleniumBase.type(SeleniumBase.java:342)
at com.medmantra.pages.EmergencyWorkListPage.enterEPNumber(EmergencyWorkListPage.java:16)
at com.medmantra.testcases.Emergency.TC_115_Emergency_WorkList_Doctor_Activities_Package_Request_Update.runPackageRequestUpdate(TC_115_Emergency_WorkList_Doctor_Activities_Package_Request_Update.java:24)
at java.base/java.util.ArrayList.forEach(ArrayList.java:1511)
... Removed 27 stack frames]]>
    </failure>
  </testcase> <!-- runPackageRequestUpdate -->
  <testcase classname="com.medmantra.testcases.Emergency.TC_116_Emergency_WorkList_Doctor_Activities_Package_Request_Delete" name="runPackageRequestDelete" time="12.552">
    <failure type="java.lang.IllegalArgumentException" message="Keys to send should be a not null CharSequence">
      <![CDATA[java.lang.IllegalArgumentException: Keys to send should be a not null CharSequence
at org.openqa.selenium.remote.RemoteWebElement.sendKeys(RemoteWebElement.java:92)
at com.framework.selenium.api.base.SeleniumBase.type(SeleniumBase.java:342)
at com.medmantra.pages.EmergencyWorkListPage.enterEPNumber(EmergencyWorkListPage.java:16)
at com.medmantra.testcases.Emergency.TC_116_Emergency_WorkList_Doctor_Activities_Package_Request_Delete.runPackageRequestDelete(TC_116_Emergency_WorkList_Doctor_Activities_Package_Request_Delete.java:24)
at java.base/java.util.ArrayList.forEach(ArrayList.java:1511)
... Removed 27 stack frames]]>
    </failure>
  </testcase> <!-- runPackageRequestDelete -->
  <testcase classname="com.medmantra.testcases.Emergency.TC_117_Emergency_WorkList_Doctor_Activities_Profile_Request_Save" name="runProfileRequestSave" time="12.489">
    <failure type="java.lang.IllegalArgumentException" message="Keys to send should be a not null CharSequence">
      <![CDATA[java.lang.IllegalArgumentException: Keys to send should be a not null CharSequence
at org.openqa.selenium.remote.RemoteWebElement.sendKeys(RemoteWebElement.java:92)
at com.framework.selenium.api.base.SeleniumBase.type(SeleniumBase.java:342)
at com.medmantra.pages.EmergencyWorkListPage.enterEPNumber(EmergencyWorkListPage.java:16)
at com.medmantra.testcases.Emergency.TC_117_Emergency_WorkList_Doctor_Activities_Profile_Request_Save.runProfileRequestSave(TC_117_Emergency_WorkList_Doctor_Activities_Profile_Request_Save.java:24)
at java.base/java.util.ArrayList.forEach(ArrayList.java:1511)
... Removed 27 stack frames]]>
    </failure>
  </testcase> <!-- runProfileRequestSave -->
  <testcase classname="com.medmantra.testcases.Emergency.TC_118_Emergency_WorkList_Doctor_Activities_Profile_Inclusions_View" name="runViewProfileInclusion" time="12.609">
    <failure type="java.lang.IllegalArgumentException" message="Keys to send should be a not null CharSequence">
      <![CDATA[java.lang.IllegalArgumentException: Keys to send should be a not null CharSequence
at org.openqa.selenium.remote.RemoteWebElement.sendKeys(RemoteWebElement.java:92)
at com.framework.selenium.api.base.SeleniumBase.type(SeleniumBase.java:342)
at com.medmantra.pages.EmergencyWorkListPage.enterEPNumber(EmergencyWorkListPage.java:16)
at com.medmantra.testcases.Emergency.TC_118_Emergency_WorkList_Doctor_Activities_Profile_Inclusions_View.runViewProfileInclusion(TC_118_Emergency_WorkList_Doctor_Activities_Profile_Inclusions_View.java:24)
at java.base/java.util.ArrayList.forEach(ArrayList.java:1511)
... Removed 27 stack frames]]>
    </failure>
  </testcase> <!-- runViewProfileInclusion -->
  <testcase classname="com.medmantra.testcases.Emergency.TC_119_Emergency_WorkList_Doctor_Activities_Profile_Request_Delete" name="runProfileRequestDelete" time="12.785">
    <failure type="java.lang.IllegalArgumentException" message="Keys to send should be a not null CharSequence">
      <![CDATA[java.lang.IllegalArgumentException: Keys to send should be a not null CharSequence
at org.openqa.selenium.remote.RemoteWebElement.sendKeys(RemoteWebElement.java:92)
at com.framework.selenium.api.base.SeleniumBase.type(SeleniumBase.java:342)
at com.medmantra.pages.EmergencyWorkListPage.enterEPNumber(EmergencyWorkListPage.java:16)
at com.medmantra.testcases.Emergency.TC_119_Emergency_WorkList_Doctor_Activities_Profile_Request_Delete.runProfileRequestDelete(TC_119_Emergency_WorkList_Doctor_Activities_Profile_Request_Delete.java:24)
at java.base/java.util.ArrayList.forEach(ArrayList.java:1511)
... Removed 27 stack frames]]>
    </failure>
  </testcase> <!-- runProfileRequestDelete -->
  <testcase classname="com.medmantra.testcases.Emergency.TC_122_Emergency_WorkList_Doctor_Activities_Prescription_Add_QuickList" name="runAddQuickList" time="12.331">
    <failure type="java.lang.IllegalArgumentException" message="Keys to send should be a not null CharSequence">
      <![CDATA[java.lang.IllegalArgumentException: Keys to send should be a not null CharSequence
at org.openqa.selenium.remote.RemoteWebElement.sendKeys(RemoteWebElement.java:92)
at com.framework.selenium.api.base.SeleniumBase.type(SeleniumBase.java:342)
at com.medmantra.pages.EmergencyWorkListPage.enterEPNumber(EmergencyWorkListPage.java:16)
at com.medmantra.testcases.Emergency.TC_122_Emergency_WorkList_Doctor_Activities_Prescription_Add_QuickList.runAddQuickList(TC_122_Emergency_WorkList_Doctor_Activities_Prescription_Add_QuickList.java:28)
at java.base/java.util.ArrayList.forEach(ArrayList.java:1511)
... Removed 27 stack frames]]>
    </failure>
  </testcase> <!-- runAddQuickList -->
  <testcase classname="com.medmantra.testcases.Emergency.TC_133_Emergency_WorkList_Doctor_Activities_Prescription_Update_Drug" name="runUpdateAlias" time="12.395">
    <failure type="java.lang.IllegalArgumentException" message="Keys to send should be a not null CharSequence">
      <![CDATA[java.lang.IllegalArgumentException: Keys to send should be a not null CharSequence
at org.openqa.selenium.remote.RemoteWebElement.sendKeys(RemoteWebElement.java:92)
at com.framework.selenium.api.base.SeleniumBase.type(SeleniumBase.java:342)
at com.medmantra.pages.EmergencyWorkListPage.enterEPNumber(EmergencyWorkListPage.java:16)
at com.medmantra.testcases.Emergency.TC_133_Emergency_WorkList_Doctor_Activities_Prescription_Update_Drug.runUpdateAlias(TC_133_Emergency_WorkList_Doctor_Activities_Prescription_Update_Drug.java:24)
at java.base/java.util.ArrayList.forEach(ArrayList.java:1511)
... Removed 27 stack frames]]>
    </failure>
  </testcase> <!-- runUpdateAlias -->
  <testcase classname="com.medmantra.testcases.Emergency.TC_134_Emergency_WorkList_Doctor_Activities_Prescription_Delete_Drug" name="runDeleteDrug" time="12.141">
    <failure type="java.lang.IllegalArgumentException" message="Keys to send should be a not null CharSequence">
      <![CDATA[java.lang.IllegalArgumentException: Keys to send should be a not null CharSequence
at org.openqa.selenium.remote.RemoteWebElement.sendKeys(RemoteWebElement.java:92)
at com.framework.selenium.api.base.SeleniumBase.type(SeleniumBase.java:342)
at com.medmantra.pages.EmergencyWorkListPage.enterEPNumber(EmergencyWorkListPage.java:16)
at com.medmantra.testcases.Emergency.TC_134_Emergency_WorkList_Doctor_Activities_Prescription_Delete_Drug.runDeleteDrug(TC_134_Emergency_WorkList_Doctor_Activities_Prescription_Delete_Drug.java:24)
at java.base/java.util.ArrayList.forEach(ArrayList.java:1511)
... Removed 27 stack frames]]>
    </failure>
  </testcase> <!-- runDeleteDrug -->
  <testcase classname="com.medmantra.testcases.Emergency.TC_132_Emergency_WorkList_Doctor_Activities_Prescription_Delete_Alias" name="runDeleteAlias" time="12.234">
    <failure type="java.lang.IllegalArgumentException" message="Keys to send should be a not null CharSequence">
      <![CDATA[java.lang.IllegalArgumentException: Keys to send should be a not null CharSequence
at org.openqa.selenium.remote.RemoteWebElement.sendKeys(RemoteWebElement.java:92)
at com.framework.selenium.api.base.SeleniumBase.type(SeleniumBase.java:342)
at com.medmantra.pages.EmergencyWorkListPage.enterEPNumber(EmergencyWorkListPage.java:16)
at com.medmantra.testcases.Emergency.TC_132_Emergency_WorkList_Doctor_Activities_Prescription_Delete_Alias.runDeleteAlias(TC_132_Emergency_WorkList_Doctor_Activities_Prescription_Delete_Alias.java:24)
at java.base/java.util.ArrayList.forEach(ArrayList.java:1511)
... Removed 27 stack frames]]>
    </failure>
  </testcase> <!-- runDeleteAlias -->
  <testcase classname="com.medmantra.testcases.Emergency.TC_138_Emergency_WorkList_Doctor_Activities_PP_Diagnosis_Save" name="runSavePpDiagnosis" time="12.521">
    <failure type="java.lang.IllegalArgumentException" message="Keys to send should be a not null CharSequence">
      <![CDATA[java.lang.IllegalArgumentException: Keys to send should be a not null CharSequence
at org.openqa.selenium.remote.RemoteWebElement.sendKeys(RemoteWebElement.java:92)
at com.framework.selenium.api.base.SeleniumBase.type(SeleniumBase.java:342)
at com.medmantra.pages.EmergencyWorkListPage.enterEPNumber(EmergencyWorkListPage.java:16)
at com.medmantra.testcases.Emergency.TC_138_Emergency_WorkList_Doctor_Activities_PP_Diagnosis_Save.runSavePpDiagnosis(TC_138_Emergency_WorkList_Doctor_Activities_PP_Diagnosis_Save.java:24)
at java.base/java.util.ArrayList.forEach(ArrayList.java:1511)
... Removed 27 stack frames]]>
    </failure>
  </testcase> <!-- runSavePpDiagnosis -->
  <testcase classname="com.medmantra.testcases.Emergency.TC_139_Emergency_WorkList_Doctor_Activities_PD_Diagnosis_Save" name="runSavePdDiagnosis" time="12.571">
    <failure type="java.lang.IllegalArgumentException" message="Keys to send should be a not null CharSequence">
      <![CDATA[java.lang.IllegalArgumentException: Keys to send should be a not null CharSequence
at org.openqa.selenium.remote.RemoteWebElement.sendKeys(RemoteWebElement.java:92)
at com.framework.selenium.api.base.SeleniumBase.type(SeleniumBase.java:342)
at com.medmantra.pages.EmergencyWorkListPage.enterEPNumber(EmergencyWorkListPage.java:16)
at com.medmantra.testcases.Emergency.TC_139_Emergency_WorkList_Doctor_Activities_PD_Diagnosis_Save.runSavePdDiagnosis(TC_139_Emergency_WorkList_Doctor_Activities_PD_Diagnosis_Save.java:24)
at java.base/java.util.ArrayList.forEach(ArrayList.java:1511)
... Removed 27 stack frames]]>
    </failure>
  </testcase> <!-- runSavePdDiagnosis -->
  <testcase classname="com.medmantra.testcases.Emergency.TC_140_Emergency_WorkList_Doctor_Activities_ProgressNote_Save" name="runSaveProgressNotes" time="12.441">
    <failure type="java.lang.IllegalArgumentException" message="Keys to send should be a not null CharSequence">
      <![CDATA[java.lang.IllegalArgumentException: Keys to send should be a not null CharSequence
at org.openqa.selenium.remote.RemoteWebElement.sendKeys(RemoteWebElement.java:92)
at com.framework.selenium.api.base.SeleniumBase.type(SeleniumBase.java:342)
at com.medmantra.pages.EmergencyWorkListPage.enterEPNumber(EmergencyWorkListPage.java:16)
at com.medmantra.testcases.Emergency.TC_140_Emergency_WorkList_Doctor_Activities_ProgressNote_Save.runSaveProgressNotes(TC_140_Emergency_WorkList_Doctor_Activities_ProgressNote_Save.java:25)
at java.base/java.util.ArrayList.forEach(ArrayList.java:1511)
... Removed 27 stack frames]]>
    </failure>
  </testcase> <!-- runSaveProgressNotes -->
  <testcase classname="com.medmantra.testcases.Emergency.TC_141_Emergency_WorkList_Doctor_Activities_ProgressNote_Update" name="runUpdateProgressNotes" time="12.372">
    <failure type="java.lang.IllegalArgumentException" message="Keys to send should be a not null CharSequence">
      <![CDATA[java.lang.IllegalArgumentException: Keys to send should be a not null CharSequence
at org.openqa.selenium.remote.RemoteWebElement.sendKeys(RemoteWebElement.java:92)
at com.framework.selenium.api.base.SeleniumBase.type(SeleniumBase.java:342)
at com.medmantra.pages.EmergencyWorkListPage.enterEPNumber(EmergencyWorkListPage.java:16)
at com.medmantra.testcases.Emergency.TC_141_Emergency_WorkList_Doctor_Activities_ProgressNote_Update.runUpdateProgressNotes(TC_141_Emergency_WorkList_Doctor_Activities_ProgressNote_Update.java:24)
at java.base/java.util.ArrayList.forEach(ArrayList.java:1511)
... Removed 27 stack frames]]>
    </failure>
  </testcase> <!-- runUpdateProgressNotes -->
  <testcase classname="com.medmantra.testcases.Emergency.TC_142_Emergency_WorkList_Doctor_Activities_ProgressNote_Delete" name="runDeleteProgressNotes" time="12.347">
    <failure type="java.lang.IllegalArgumentException" message="Keys to send should be a not null CharSequence">
      <![CDATA[java.lang.IllegalArgumentException: Keys to send should be a not null CharSequence
at org.openqa.selenium.remote.RemoteWebElement.sendKeys(RemoteWebElement.java:92)
at com.framework.selenium.api.base.SeleniumBase.type(SeleniumBase.java:342)
at com.medmantra.pages.EmergencyWorkListPage.enterEPNumber(EmergencyWorkListPage.java:16)
at com.medmantra.testcases.Emergency.TC_142_Emergency_WorkList_Doctor_Activities_ProgressNote_Delete.runDeleteProgressNotes(TC_142_Emergency_WorkList_Doctor_Activities_ProgressNote_Delete.java:24)
at java.base/java.util.ArrayList.forEach(ArrayList.java:1511)
... Removed 27 stack frames]]>
    </failure>
  </testcase> <!-- runDeleteProgressNotes -->
  <testcase classname="com.medmantra.testcases.Emergency.TC_143_Emergency_WorkList_Doctor_Activities_PainAssessment_Save" name="runSavePainAssessment" time="12.638">
    <failure type="java.lang.IllegalArgumentException" message="Keys to send should be a not null CharSequence">
      <![CDATA[java.lang.IllegalArgumentException: Keys to send should be a not null CharSequence
at org.openqa.selenium.remote.RemoteWebElement.sendKeys(RemoteWebElement.java:92)
at com.framework.selenium.api.base.SeleniumBase.type(SeleniumBase.java:342)
at com.medmantra.pages.EmergencyWorkListPage.enterEPNumber(EmergencyWorkListPage.java:16)
at com.medmantra.testcases.Emergency.TC_143_Emergency_WorkList_Doctor_Activities_PainAssessment_Save.runSavePainAssessment(TC_143_Emergency_WorkList_Doctor_Activities_PainAssessment_Save.java:25)
at java.base/java.util.ArrayList.forEach(ArrayList.java:1511)
... Removed 27 stack frames]]>
    </failure>
  </testcase> <!-- runSavePainAssessment -->
  <testcase classname="com.medmantra.testcases.Emergency.TC_144_Emergency_WorkList_Doctor_Activities_PainAssessment_Update" name="runUpdatePainAssessment" time="12.689">
    <failure type="java.lang.IllegalArgumentException" message="Keys to send should be a not null CharSequence">
      <![CDATA[java.lang.IllegalArgumentException: Keys to send should be a not null CharSequence
at org.openqa.selenium.remote.RemoteWebElement.sendKeys(RemoteWebElement.java:92)
at com.framework.selenium.api.base.SeleniumBase.type(SeleniumBase.java:342)
at com.medmantra.pages.EmergencyWorkListPage.enterEPNumber(EmergencyWorkListPage.java:16)
at com.medmantra.testcases.Emergency.TC_144_Emergency_WorkList_Doctor_Activities_PainAssessment_Update.runUpdatePainAssessment(TC_144_Emergency_WorkList_Doctor_Activities_PainAssessment_Update.java:24)
at java.base/java.util.ArrayList.forEach(ArrayList.java:1511)
... Removed 27 stack frames]]>
    </failure>
  </testcase> <!-- runUpdatePainAssessment -->
  <testcase classname="com.medmantra.testcases.Emergency.TC_145_Emergency_WorkList_Doctor_Activities_PainAssessment_Delete" name="runUpdatePainAssessment" time="12.382">
    <failure type="java.lang.IllegalArgumentException" message="Keys to send should be a not null CharSequence">
      <![CDATA[java.lang.IllegalArgumentException: Keys to send should be a not null CharSequence
at org.openqa.selenium.remote.RemoteWebElement.sendKeys(RemoteWebElement.java:92)
at com.framework.selenium.api.base.SeleniumBase.type(SeleniumBase.java:342)
at com.medmantra.pages.EmergencyWorkListPage.enterEPNumber(EmergencyWorkListPage.java:16)
at com.medmantra.testcases.Emergency.TC_145_Emergency_WorkList_Doctor_Activities_PainAssessment_Delete.runUpdatePainAssessment(TC_145_Emergency_WorkList_Doctor_Activities_PainAssessment_Delete.java:24)
at java.base/java.util.ArrayList.forEach(ArrayList.java:1511)
... Removed 27 stack frames]]>
    </failure>
  </testcase> <!-- runUpdatePainAssessment -->
  <testcase classname="com.medmantra.testcases.Emergency.TC_211_Emergency_WorkList_Raised_Services" name="runViewRaisedServices" time="13.043">
    <failure type="java.lang.IllegalArgumentException" message="Keys to send should be a not null CharSequence">
      <![CDATA[java.lang.IllegalArgumentException: Keys to send should be a not null CharSequence
at org.openqa.selenium.remote.RemoteWebElement.sendKeys(RemoteWebElement.java:92)
at com.framework.selenium.api.base.SeleniumBase.type(SeleniumBase.java:342)
at com.medmantra.pages.EmergencyWorkListPage.enterEPNumber(EmergencyWorkListPage.java:16)
at com.medmantra.testcases.Emergency.TC_211_Emergency_WorkList_Raised_Services.runViewRaisedServices(TC_211_Emergency_WorkList_Raised_Services.java:24)
at java.base/java.util.ArrayList.forEach(ArrayList.java:1511)
... Removed 27 stack frames]]>
    </failure>
  </testcase> <!-- runViewRaisedServices -->
  <testcase classname="com.framework.utils.Reporter" name="@AfterSuite endResult" time="0.0">
    <ignored/>
  </testcase> <!-- @AfterSuite endResult -->
  <testcase classname="com.framework.utils.Reporter" name="@AfterSuite endResult" time="0.0">
    <ignored/>
  </testcase> <!-- @AfterSuite endResult -->
  <testcase classname="com.framework.utils.Reporter" name="@AfterSuite endResult" time="0.0">
    <ignored/>
  </testcase> <!-- @AfterSuite endResult -->
  <testcase classname="com.framework.utils.Reporter" name="@AfterSuite endResult" time="0.0">
    <ignored/>
  </testcase> <!-- @AfterSuite endResult -->
  <testcase classname="com.framework.utils.Reporter" name="@AfterSuite endResult" time="0.0">
    <ignored/>
  </testcase> <!-- @AfterSuite endResult -->
  <testcase classname="com.framework.utils.Reporter" name="@AfterSuite endResult" time="0.0">
    <ignored/>
  </testcase> <!-- @AfterSuite endResult -->
  <testcase classname="com.framework.utils.Reporter" name="@AfterSuite endResult" time="0.0">
    <ignored/>
  </testcase> <!-- @AfterSuite endResult -->
  <testcase classname="com.framework.utils.Reporter" name="@AfterSuite endResult" time="0.0">
    <ignored/>
  </testcase> <!-- @AfterSuite endResult -->
  <testcase classname="com.framework.utils.Reporter" name="@AfterSuite endResult" time="0.0">
    <ignored/>
  </testcase> <!-- @AfterSuite endResult -->
  <testcase classname="com.framework.utils.Reporter" name="@AfterSuite endResult" time="0.0">
    <ignored/>
  </testcase> <!-- @AfterSuite endResult -->
  <testcase classname="com.framework.utils.Reporter" name="@AfterSuite endResult" time="0.0">
    <ignored/>
  </testcase> <!-- @AfterSuite endResult -->
  <testcase classname="com.framework.utils.Reporter" name="@AfterSuite endResult" time="0.0">
    <ignored/>
  </testcase> <!-- @AfterSuite endResult -->
  <testcase classname="com.framework.utils.Reporter" name="@AfterSuite endResult" time="0.0">
    <ignored/>
  </testcase> <!-- @AfterSuite endResult -->
  <testcase classname="com.framework.utils.Reporter" name="@AfterSuite endResult" time="0.0">
    <ignored/>
  </testcase> <!-- @AfterSuite endResult -->
  <testcase classname="com.framework.utils.Reporter" name="@AfterSuite endResult" time="0.0">
    <ignored/>
  </testcase> <!-- @AfterSuite endResult -->
  <testcase classname="com.framework.utils.Reporter" name="@AfterSuite endResult" time="0.0">
    <ignored/>
  </testcase> <!-- @AfterSuite endResult -->
  <testcase classname="com.framework.utils.Reporter" name="@AfterSuite endResult" time="0.0">
    <ignored/>
  </testcase> <!-- @AfterSuite endResult -->
  <testcase classname="com.framework.utils.Reporter" name="@AfterSuite endResult" time="0.0">
    <ignored/>
  </testcase> <!-- @AfterSuite endResult -->
  <testcase classname="com.framework.utils.Reporter" name="@AfterSuite endResult" time="0.0">
    <ignored/>
  </testcase> <!-- @AfterSuite endResult -->
  <testcase classname="com.framework.utils.Reporter" name="@AfterSuite endResult" time="0.0">
    <ignored/>
  </testcase> <!-- @AfterSuite endResult -->
  <testcase classname="com.framework.utils.Reporter" name="@AfterSuite endResult" time="0.0">
    <ignored/>
  </testcase> <!-- @AfterSuite endResult -->
  <testcase classname="com.framework.utils.Reporter" name="@AfterSuite endResult" time="0.0">
    <ignored/>
  </testcase> <!-- @AfterSuite endResult -->
  <testcase classname="com.framework.utils.Reporter" name="@AfterSuite endResult" time="0.0">
    <ignored/>
  </testcase> <!-- @AfterSuite endResult -->
  <testcase classname="com.framework.utils.Reporter" name="@AfterSuite endResult" time="0.0">
    <ignored/>
  </testcase> <!-- @AfterSuite endResult -->
  <testcase classname="com.framework.utils.Reporter" name="@AfterSuite endResult" time="0.0">
    <ignored/>
  </testcase> <!-- @AfterSuite endResult -->
  <testcase classname="com.framework.utils.Reporter" name="@AfterSuite endResult" time="0.0">
    <ignored/>
  </testcase> <!-- @AfterSuite endResult -->
  <testcase classname="com.framework.utils.Reporter" name="@AfterSuite endResult" time="0.0">
    <ignored/>
  </testcase> <!-- @AfterSuite endResult -->
  <testcase classname="com.framework.utils.Reporter" name="@AfterSuite endResult" time="0.0">
    <ignored/>
  </testcase> <!-- @AfterSuite endResult -->
  <testcase classname="com.framework.utils.Reporter" name="@AfterSuite endResult" time="0.0">
    <ignored/>
  </testcase> <!-- @AfterSuite endResult -->
  <testcase classname="com.framework.utils.Reporter" name="@AfterSuite endResult" time="0.0">
    <ignored/>
  </testcase> <!-- @AfterSuite endResult -->
  <testcase classname="com.framework.utils.Reporter" name="@AfterSuite endResult" time="0.0">
    <ignored/>
  </testcase> <!-- @AfterSuite endResult -->
  <testcase classname="com.framework.utils.Reporter" name="@AfterSuite endResult" time="0.0">
    <ignored/>
  </testcase> <!-- @AfterSuite endResult -->
  <testcase classname="com.framework.utils.Reporter" name="@AfterSuite endResult" time="0.0">
    <ignored/>
  </testcase> <!-- @AfterSuite endResult -->
  <testcase classname="com.framework.utils.Reporter" name="@AfterSuite endResult" time="0.0">
    <ignored/>
  </testcase> <!-- @AfterSuite endResult -->
  <testcase classname="com.framework.utils.Reporter" name="@AfterSuite endResult" time="0.0">
    <ignored/>
  </testcase> <!-- @AfterSuite endResult -->
  <testcase classname="com.framework.utils.Reporter" name="@AfterSuite endResult" time="0.0">
    <ignored/>
  </testcase> <!-- @AfterSuite endResult -->
  <testcase classname="com.framework.utils.Reporter" name="@AfterSuite endResult" time="0.0">
    <ignored/>
  </testcase> <!-- @AfterSuite endResult -->
  <testcase classname="com.framework.utils.Reporter" name="@AfterSuite endResult" time="0.0">
    <ignored/>
  </testcase> <!-- @AfterSuite endResult -->
  <testcase classname="com.framework.utils.Reporter" name="@AfterSuite endResult" time="0.0">
    <ignored/>
  </testcase> <!-- @AfterSuite endResult -->
  <testcase classname="com.framework.utils.Reporter" name="@AfterSuite endResult" time="0.0">
    <ignored/>
  </testcase> <!-- @AfterSuite endResult -->
  <testcase classname="com.framework.utils.Reporter" name="@AfterSuite endResult" time="0.0">
    <ignored/>
  </testcase> <!-- @AfterSuite endResult -->
  <testcase classname="com.framework.utils.Reporter" name="@AfterSuite endResult" time="0.0">
    <ignored/>
  </testcase> <!-- @AfterSuite endResult -->
  <testcase classname="com.framework.utils.Reporter" name="@AfterSuite endResult" time="0.0">
    <ignored/>
  </testcase> <!-- @AfterSuite endResult -->
  <testcase classname="com.framework.utils.Reporter" name="@AfterSuite endResult" time="0.0">
    <ignored/>
  </testcase> <!-- @AfterSuite endResult -->
  <testcase classname="com.framework.utils.Reporter" name="@AfterSuite endResult" time="0.0">
    <ignored/>
  </testcase> <!-- @AfterSuite endResult -->
  <testcase classname="com.framework.utils.Reporter" name="@AfterSuite endResult" time="0.0">
    <ignored/>
  </testcase> <!-- @AfterSuite endResult -->
  <testcase classname="com.framework.utils.Reporter" name="@AfterSuite endResult" time="0.0">
    <ignored/>
  </testcase> <!-- @AfterSuite endResult -->
  <testcase classname="com.framework.utils.Reporter" name="@AfterSuite endResult" time="0.0">
    <ignored/>
  </testcase> <!-- @AfterSuite endResult -->
  <testcase classname="com.framework.utils.Reporter" name="@AfterSuite endResult" time="0.0">
    <ignored/>
  </testcase> <!-- @AfterSuite endResult -->
  <testcase classname="com.framework.utils.Reporter" name="@AfterSuite endResult" time="0.0">
    <ignored/>
  </testcase> <!-- @AfterSuite endResult -->
  <testcase classname="com.framework.utils.Reporter" name="@AfterSuite endResult" time="0.0">
    <ignored/>
  </testcase> <!-- @AfterSuite endResult -->
  <testcase classname="com.framework.utils.Reporter" name="@AfterSuite endResult" time="0.0">
    <ignored/>
  </testcase> <!-- @AfterSuite endResult -->
  <testcase classname="com.framework.utils.Reporter" name="@AfterSuite endResult" time="0.0">
    <ignored/>
  </testcase> <!-- @AfterSuite endResult -->
  <testcase classname="com.framework.testng.api.base.ProjectSpecificMethods" name="@BeforeSuite url" time="0.0">
    <ignored/>
  </testcase> <!-- @BeforeSuite url -->
  <testcase classname="com.framework.testng.api.base.ProjectSpecificMethods" name="@BeforeSuite url" time="0.0">
    <ignored/>
  </testcase> <!-- @BeforeSuite url -->
  <testcase classname="com.framework.testng.api.base.ProjectSpecificMethods" name="@BeforeSuite url" time="0.0">
    <ignored/>
  </testcase> <!-- @BeforeSuite url -->
  <testcase classname="com.framework.testng.api.base.ProjectSpecificMethods" name="@BeforeSuite url" time="0.0">
    <ignored/>
  </testcase> <!-- @BeforeSuite url -->
  <testcase classname="com.framework.testng.api.base.ProjectSpecificMethods" name="@BeforeSuite url" time="0.0">
    <ignored/>
  </testcase> <!-- @BeforeSuite url -->
  <testcase classname="com.framework.testng.api.base.ProjectSpecificMethods" name="@BeforeSuite url" time="0.0">
    <ignored/>
  </testcase> <!-- @BeforeSuite url -->
  <testcase classname="com.framework.testng.api.base.ProjectSpecificMethods" name="@BeforeSuite url" time="0.0">
    <ignored/>
  </testcase> <!-- @BeforeSuite url -->
  <testcase classname="com.framework.testng.api.base.ProjectSpecificMethods" name="@BeforeSuite url" time="0.0">
    <ignored/>
  </testcase> <!-- @BeforeSuite url -->
  <testcase classname="com.framework.testng.api.base.ProjectSpecificMethods" name="@BeforeSuite url" time="0.0">
    <ignored/>
  </testcase> <!-- @BeforeSuite url -->
  <testcase classname="com.framework.testng.api.base.ProjectSpecificMethods" name="@BeforeSuite url" time="0.0">
    <ignored/>
  </testcase> <!-- @BeforeSuite url -->
  <testcase classname="com.framework.testng.api.base.ProjectSpecificMethods" name="@BeforeSuite url" time="0.0">
    <ignored/>
  </testcase> <!-- @BeforeSuite url -->
  <testcase classname="com.framework.testng.api.base.ProjectSpecificMethods" name="@BeforeSuite url" time="0.0">
    <ignored/>
  </testcase> <!-- @BeforeSuite url -->
  <testcase classname="com.framework.testng.api.base.ProjectSpecificMethods" name="@BeforeSuite url" time="0.0">
    <ignored/>
  </testcase> <!-- @BeforeSuite url -->
  <testcase classname="com.framework.testng.api.base.ProjectSpecificMethods" name="@BeforeSuite url" time="0.0">
    <ignored/>
  </testcase> <!-- @BeforeSuite url -->
  <testcase classname="com.framework.testng.api.base.ProjectSpecificMethods" name="@BeforeSuite url" time="0.0">
    <ignored/>
  </testcase> <!-- @BeforeSuite url -->
  <testcase classname="com.framework.testng.api.base.ProjectSpecificMethods" name="@BeforeSuite url" time="0.0">
    <ignored/>
  </testcase> <!-- @BeforeSuite url -->
  <testcase classname="com.framework.testng.api.base.ProjectSpecificMethods" name="@BeforeSuite url" time="0.0">
    <ignored/>
  </testcase> <!-- @BeforeSuite url -->
  <testcase classname="com.framework.testng.api.base.ProjectSpecificMethods" name="@BeforeSuite url" time="0.0">
    <ignored/>
  </testcase> <!-- @BeforeSuite url -->
  <testcase classname="com.framework.testng.api.base.ProjectSpecificMethods" name="@BeforeSuite url" time="0.0">
    <ignored/>
  </testcase> <!-- @BeforeSuite url -->
  <testcase classname="com.framework.testng.api.base.ProjectSpecificMethods" name="@BeforeSuite url" time="0.0">
    <ignored/>
  </testcase> <!-- @BeforeSuite url -->
  <testcase classname="com.framework.testng.api.base.ProjectSpecificMethods" name="@BeforeSuite url" time="0.0">
    <ignored/>
  </testcase> <!-- @BeforeSuite url -->
  <testcase classname="com.framework.testng.api.base.ProjectSpecificMethods" name="@BeforeSuite url" time="0.0">
    <ignored/>
  </testcase> <!-- @BeforeSuite url -->
  <testcase classname="com.framework.testng.api.base.ProjectSpecificMethods" name="@BeforeSuite url" time="0.0">
    <ignored/>
  </testcase> <!-- @BeforeSuite url -->
  <testcase classname="com.framework.testng.api.base.ProjectSpecificMethods" name="@BeforeSuite url" time="0.0">
    <ignored/>
  </testcase> <!-- @BeforeSuite url -->
  <testcase classname="com.framework.testng.api.base.ProjectSpecificMethods" name="@BeforeSuite url" time="0.0">
    <ignored/>
  </testcase> <!-- @BeforeSuite url -->
  <testcase classname="com.framework.testng.api.base.ProjectSpecificMethods" name="@BeforeSuite url" time="0.0">
    <ignored/>
  </testcase> <!-- @BeforeSuite url -->
  <testcase classname="com.framework.testng.api.base.ProjectSpecificMethods" name="@BeforeSuite url" time="0.0">
    <ignored/>
  </testcase> <!-- @BeforeSuite url -->
  <testcase classname="com.framework.testng.api.base.ProjectSpecificMethods" name="@BeforeSuite url" time="0.0">
    <ignored/>
  </testcase> <!-- @BeforeSuite url -->
  <testcase classname="com.framework.testng.api.base.ProjectSpecificMethods" name="@BeforeSuite url" time="0.0">
    <ignored/>
  </testcase> <!-- @BeforeSuite url -->
  <testcase classname="com.framework.testng.api.base.ProjectSpecificMethods" name="@BeforeSuite url" time="0.0">
    <ignored/>
  </testcase> <!-- @BeforeSuite url -->
  <testcase classname="com.framework.testng.api.base.ProjectSpecificMethods" name="@BeforeSuite url" time="0.0">
    <ignored/>
  </testcase> <!-- @BeforeSuite url -->
  <testcase classname="com.framework.testng.api.base.ProjectSpecificMethods" name="@BeforeSuite url" time="0.0">
    <ignored/>
  </testcase> <!-- @BeforeSuite url -->
  <testcase classname="com.framework.testng.api.base.ProjectSpecificMethods" name="@BeforeSuite url" time="0.0">
    <ignored/>
  </testcase> <!-- @BeforeSuite url -->
  <testcase classname="com.framework.testng.api.base.ProjectSpecificMethods" name="@BeforeSuite url" time="0.0">
    <ignored/>
  </testcase> <!-- @BeforeSuite url -->
  <testcase classname="com.framework.testng.api.base.ProjectSpecificMethods" name="@BeforeSuite url" time="0.0">
    <ignored/>
  </testcase> <!-- @BeforeSuite url -->
  <testcase classname="com.framework.testng.api.base.ProjectSpecificMethods" name="@BeforeSuite url" time="0.0">
    <ignored/>
  </testcase> <!-- @BeforeSuite url -->
  <testcase classname="com.framework.testng.api.base.ProjectSpecificMethods" name="@BeforeSuite url" time="0.0">
    <ignored/>
  </testcase> <!-- @BeforeSuite url -->
  <testcase classname="com.framework.testng.api.base.ProjectSpecificMethods" name="@BeforeSuite url" time="0.0">
    <ignored/>
  </testcase> <!-- @BeforeSuite url -->
  <testcase classname="com.framework.testng.api.base.ProjectSpecificMethods" name="@BeforeSuite url" time="0.0">
    <ignored/>
  </testcase> <!-- @BeforeSuite url -->
  <testcase classname="com.framework.testng.api.base.ProjectSpecificMethods" name="@BeforeSuite url" time="0.0">
    <ignored/>
  </testcase> <!-- @BeforeSuite url -->
  <testcase classname="com.framework.testng.api.base.ProjectSpecificMethods" name="@BeforeSuite url" time="0.0">
    <ignored/>
  </testcase> <!-- @BeforeSuite url -->
  <testcase classname="com.framework.testng.api.base.ProjectSpecificMethods" name="@BeforeSuite url" time="0.0">
    <ignored/>
  </testcase> <!-- @BeforeSuite url -->
  <testcase classname="com.framework.testng.api.base.ProjectSpecificMethods" name="@BeforeSuite url" time="0.0">
    <ignored/>
  </testcase> <!-- @BeforeSuite url -->
  <testcase classname="com.framework.testng.api.base.ProjectSpecificMethods" name="@BeforeSuite url" time="0.0">
    <ignored/>
  </testcase> <!-- @BeforeSuite url -->
  <testcase classname="com.framework.testng.api.base.ProjectSpecificMethods" name="@BeforeSuite url" time="0.0">
    <ignored/>
  </testcase> <!-- @BeforeSuite url -->
  <testcase classname="com.framework.testng.api.base.ProjectSpecificMethods" name="@BeforeSuite url" time="0.0">
    <ignored/>
  </testcase> <!-- @BeforeSuite url -->
  <testcase classname="com.framework.testng.api.base.ProjectSpecificMethods" name="@BeforeSuite url" time="0.0">
    <ignored/>
  </testcase> <!-- @BeforeSuite url -->
  <testcase classname="com.framework.testng.api.base.ProjectSpecificMethods" name="@BeforeSuite url" time="0.0">
    <ignored/>
  </testcase> <!-- @BeforeSuite url -->
  <testcase classname="com.framework.testng.api.base.ProjectSpecificMethods" name="@BeforeSuite url" time="0.0">
    <ignored/>
  </testcase> <!-- @BeforeSuite url -->
  <testcase classname="com.framework.testng.api.base.ProjectSpecificMethods" name="@BeforeSuite url" time="0.0">
    <ignored/>
  </testcase> <!-- @BeforeSuite url -->
  <testcase classname="com.framework.testng.api.base.ProjectSpecificMethods" name="@BeforeSuite url" time="0.0">
    <ignored/>
  </testcase> <!-- @BeforeSuite url -->
  <testcase classname="com.framework.testng.api.base.ProjectSpecificMethods" name="@BeforeSuite url" time="0.0">
    <ignored/>
  </testcase> <!-- @BeforeSuite url -->
  <testcase classname="com.framework.testng.api.base.ProjectSpecificMethods" name="@BeforeSuite url" time="0.0">
    <ignored/>
  </testcase> <!-- @BeforeSuite url -->
  <testcase classname="com.framework.utils.Reporter" name="@BeforeSuite startReport" time="0.0">
    <ignored/>
  </testcase> <!-- @BeforeSuite startReport -->
  <testcase classname="com.framework.utils.Reporter" name="@BeforeSuite startReport" time="0.0">
    <ignored/>
  </testcase> <!-- @BeforeSuite startReport -->
  <testcase classname="com.framework.utils.Reporter" name="@BeforeSuite startReport" time="0.0">
    <ignored/>
  </testcase> <!-- @BeforeSuite startReport -->
  <testcase classname="com.framework.utils.Reporter" name="@BeforeSuite startReport" time="0.0">
    <ignored/>
  </testcase> <!-- @BeforeSuite startReport -->
  <testcase classname="com.framework.utils.Reporter" name="@BeforeSuite startReport" time="0.0">
    <ignored/>
  </testcase> <!-- @BeforeSuite startReport -->
  <testcase classname="com.framework.utils.Reporter" name="@BeforeSuite startReport" time="0.0">
    <ignored/>
  </testcase> <!-- @BeforeSuite startReport -->
  <testcase classname="com.framework.utils.Reporter" name="@BeforeSuite startReport" time="0.0">
    <ignored/>
  </testcase> <!-- @BeforeSuite startReport -->
  <testcase classname="com.framework.utils.Reporter" name="@BeforeSuite startReport" time="0.0">
    <ignored/>
  </testcase> <!-- @BeforeSuite startReport -->
  <testcase classname="com.framework.utils.Reporter" name="@BeforeSuite startReport" time="0.0">
    <ignored/>
  </testcase> <!-- @BeforeSuite startReport -->
  <testcase classname="com.framework.utils.Reporter" name="@BeforeSuite startReport" time="0.0">
    <ignored/>
  </testcase> <!-- @BeforeSuite startReport -->
  <testcase classname="com.framework.utils.Reporter" name="@BeforeSuite startReport" time="0.0">
    <ignored/>
  </testcase> <!-- @BeforeSuite startReport -->
  <testcase classname="com.framework.utils.Reporter" name="@BeforeSuite startReport" time="0.0">
    <ignored/>
  </testcase> <!-- @BeforeSuite startReport -->
  <testcase classname="com.framework.utils.Reporter" name="@BeforeSuite startReport" time="0.0">
    <ignored/>
  </testcase> <!-- @BeforeSuite startReport -->
  <testcase classname="com.framework.utils.Reporter" name="@BeforeSuite startReport" time="0.0">
    <ignored/>
  </testcase> <!-- @BeforeSuite startReport -->
  <testcase classname="com.framework.utils.Reporter" name="@BeforeSuite startReport" time="0.0">
    <ignored/>
  </testcase> <!-- @BeforeSuite startReport -->
  <testcase classname="com.framework.utils.Reporter" name="@BeforeSuite startReport" time="0.0">
    <ignored/>
  </testcase> <!-- @BeforeSuite startReport -->
  <testcase classname="com.framework.utils.Reporter" name="@BeforeSuite startReport" time="0.0">
    <ignored/>
  </testcase> <!-- @BeforeSuite startReport -->
  <testcase classname="com.framework.utils.Reporter" name="@BeforeSuite startReport" time="0.0">
    <ignored/>
  </testcase> <!-- @BeforeSuite startReport -->
  <testcase classname="com.framework.utils.Reporter" name="@BeforeSuite startReport" time="0.0">
    <ignored/>
  </testcase> <!-- @BeforeSuite startReport -->
  <testcase classname="com.framework.utils.Reporter" name="@BeforeSuite startReport" time="0.0">
    <ignored/>
  </testcase> <!-- @BeforeSuite startReport -->
  <testcase classname="com.framework.utils.Reporter" name="@BeforeSuite startReport" time="0.0">
    <ignored/>
  </testcase> <!-- @BeforeSuite startReport -->
  <testcase classname="com.framework.utils.Reporter" name="@BeforeSuite startReport" time="0.0">
    <ignored/>
  </testcase> <!-- @BeforeSuite startReport -->
  <testcase classname="com.framework.utils.Reporter" name="@BeforeSuite startReport" time="0.0">
    <ignored/>
  </testcase> <!-- @BeforeSuite startReport -->
  <testcase classname="com.framework.utils.Reporter" name="@BeforeSuite startReport" time="0.0">
    <ignored/>
  </testcase> <!-- @BeforeSuite startReport -->
  <testcase classname="com.framework.utils.Reporter" name="@BeforeSuite startReport" time="0.0">
    <ignored/>
  </testcase> <!-- @BeforeSuite startReport -->
  <testcase classname="com.framework.utils.Reporter" name="@BeforeSuite startReport" time="0.0">
    <ignored/>
  </testcase> <!-- @BeforeSuite startReport -->
  <testcase classname="com.framework.utils.Reporter" name="@BeforeSuite startReport" time="0.0">
    <ignored/>
  </testcase> <!-- @BeforeSuite startReport -->
  <testcase classname="com.framework.utils.Reporter" name="@BeforeSuite startReport" time="0.0">
    <ignored/>
  </testcase> <!-- @BeforeSuite startReport -->
  <testcase classname="com.framework.utils.Reporter" name="@BeforeSuite startReport" time="0.0">
    <ignored/>
  </testcase> <!-- @BeforeSuite startReport -->
  <testcase classname="com.framework.utils.Reporter" name="@BeforeSuite startReport" time="0.0">
    <ignored/>
  </testcase> <!-- @BeforeSuite startReport -->
  <testcase classname="com.framework.utils.Reporter" name="@BeforeSuite startReport" time="0.0">
    <ignored/>
  </testcase> <!-- @BeforeSuite startReport -->
  <testcase classname="com.framework.utils.Reporter" name="@BeforeSuite startReport" time="0.0">
    <ignored/>
  </testcase> <!-- @BeforeSuite startReport -->
  <testcase classname="com.framework.utils.Reporter" name="@BeforeSuite startReport" time="0.0">
    <ignored/>
  </testcase> <!-- @BeforeSuite startReport -->
  <testcase classname="com.framework.utils.Reporter" name="@BeforeSuite startReport" time="0.0">
    <ignored/>
  </testcase> <!-- @BeforeSuite startReport -->
  <testcase classname="com.framework.utils.Reporter" name="@BeforeSuite startReport" time="0.0">
    <ignored/>
  </testcase> <!-- @BeforeSuite startReport -->
  <testcase classname="com.framework.utils.Reporter" name="@BeforeSuite startReport" time="0.0">
    <ignored/>
  </testcase> <!-- @BeforeSuite startReport -->
  <testcase classname="com.framework.utils.Reporter" name="@BeforeSuite startReport" time="0.0">
    <ignored/>
  </testcase> <!-- @BeforeSuite startReport -->
  <testcase classname="com.framework.utils.Reporter" name="@BeforeSuite startReport" time="0.0">
    <ignored/>
  </testcase> <!-- @BeforeSuite startReport -->
  <testcase classname="com.framework.utils.Reporter" name="@BeforeSuite startReport" time="0.0">
    <ignored/>
  </testcase> <!-- @BeforeSuite startReport -->
  <testcase classname="com.framework.utils.Reporter" name="@BeforeSuite startReport" time="0.0">
    <ignored/>
  </testcase> <!-- @BeforeSuite startReport -->
  <testcase classname="com.framework.utils.Reporter" name="@BeforeSuite startReport" time="0.0">
    <ignored/>
  </testcase> <!-- @BeforeSuite startReport -->
  <testcase classname="com.framework.utils.Reporter" name="@BeforeSuite startReport" time="0.0">
    <ignored/>
  </testcase> <!-- @BeforeSuite startReport -->
  <testcase classname="com.framework.utils.Reporter" name="@BeforeSuite startReport" time="0.0">
    <ignored/>
  </testcase> <!-- @BeforeSuite startReport -->
  <testcase classname="com.framework.utils.Reporter" name="@BeforeSuite startReport" time="0.0">
    <ignored/>
  </testcase> <!-- @BeforeSuite startReport -->
  <testcase classname="com.framework.utils.Reporter" name="@BeforeSuite startReport" time="0.0">
    <ignored/>
  </testcase> <!-- @BeforeSuite startReport -->
  <testcase classname="com.framework.utils.Reporter" name="@BeforeSuite startReport" time="0.0">
    <ignored/>
  </testcase> <!-- @BeforeSuite startReport -->
  <testcase classname="com.framework.utils.Reporter" name="@BeforeSuite startReport" time="0.0">
    <ignored/>
  </testcase> <!-- @BeforeSuite startReport -->
  <testcase classname="com.framework.utils.Reporter" name="@BeforeSuite startReport" time="0.0">
    <ignored/>
  </testcase> <!-- @BeforeSuite startReport -->
  <testcase classname="com.framework.utils.Reporter" name="@BeforeSuite startReport" time="0.0">
    <ignored/>
  </testcase> <!-- @BeforeSuite startReport -->
  <testcase classname="com.framework.utils.Reporter" name="@BeforeSuite startReport" time="0.0">
    <ignored/>
  </testcase> <!-- @BeforeSuite startReport -->
  <testcase classname="com.framework.utils.Reporter" name="@BeforeSuite startReport" time="0.0">
    <ignored/>
  </testcase> <!-- @BeforeSuite startReport -->
  <testcase classname="com.framework.utils.Reporter" name="@BeforeSuite startReport" time="0.0">
    <ignored/>
  </testcase> <!-- @BeforeSuite startReport -->
  <testcase classname="com.framework.utils.Reporter" name="@BeforeSuite startReport" time="0.0">
    <ignored/>
  </testcase> <!-- @BeforeSuite startReport -->
</testsuite> <!-- Emergency -->
