<?xml version="1.0" encoding="UTF-8"?>
<!-- Generated by org.testng.reporters.JUnitXMLReporter -->
<testsuite ignored="3" hostname="DESKTOP-6CGC2KB" failures="0" tests="2" name="ES_TC_027" time="207.474" errors="0" timestamp="2022-10-06T12:41:38 IST">
  <testcase classname="com.medmantra.testcases.Registration.TC_001_REG_NormalRegistration" name="normalRegistration" time="130.65"/>
  <testcase classname="com.medmantra.testcases.ES_Appoinment.TC_027_ES_AppointmentBooking_Waitlist" name="runAppoinmentBookingWaitlist" time="65.416"/>
  <testcase classname="com.framework.utils.Reporter" name="@BeforeSuite startReport" time="0.0">
    <ignored/>
  </testcase> <!-- @BeforeSuite startReport -->
  <testcase classname="com.framework.testng.api.base.ProjectSpecificMethods" name="@BeforeSuite url" time="0.0">
    <ignored/>
  </testcase> <!-- @BeforeSuite url -->
  <testcase classname="com.framework.utils.Reporter" name="@AfterSuite endResult" time="0.0">
    <ignored/>
  </testcase> <!-- @AfterSuite endResult -->
</testsuite> <!-- ES_TC_027 -->
