<?xml version="1.0" encoding="UTF-8"?>
<!-- Generated by org.testng.reporters.JUnitXMLReporter -->
<testsuite ignored="3" hostname="DESKTOP-6CGC2KB" failures="0" tests="2" name="ES_TC_008" time="175.59" errors="0" timestamp="2022-08-24T11:52:05 IST">
  <testcase classname="com.medmantra.testcases.Registration.TC_001_REG_NormalRegistration" name="normalRegistration" time="103.761"/>
  <testcase classname="com.medmantra.testcases.ES_Appoinment.TC_008_ES_AppointmentBooking" name="runAppoinmentBooking" time="61.762"/>
  <testcase classname="com.framework.utils.Reporter" name="@BeforeSuite startReport" time="0.0">
    <ignored/>
  </testcase> <!-- @BeforeSuite startReport -->
  <testcase classname="com.framework.testng.api.base.ProjectSpecificMethods" name="@BeforeSuite url" time="0.0">
    <ignored/>
  </testcase> <!-- @BeforeSuite url -->
  <testcase classname="com.framework.utils.Reporter" name="@AfterSuite endResult" time="0.0">
    <ignored/>
  </testcase> <!-- @AfterSuite endResult -->
</testsuite> <!-- ES_TC_008 -->
