<?xml version="1.0" encoding="UTF-8"?>
<!-- Generated by org.testng.reporters.JUnitXMLReporter -->
<testsuite ignored="0" hostname="DESKTOP-6CGC2KB" failures="1" tests="1" name="ES_TC_018" time="154.165" errors="0" timestamp="2022-09-22T19:28:45 IST">
  <testcase classname="com.medmantra.testcases.ES_Appoinment.TC_019_ES_EquipementsBlocking" name="runEquipmentBlocking" time="146.561">
    <failure type="java.lang.RuntimeException" message="See the reporter for details.">
      <![CDATA[java.lang.RuntimeException: See the reporter for details.
at com.framework.utils.Reporter.reportStep(Reporter.java:92)
at com.framework.utils.Reporter.reportStep(Reporter.java:107)
at com.framework.selenium.api.base.SeleniumBase.locateElement(SeleniumBase.java:629)
at com.medmantra.pages.EquipmentsPage.clickSelectedTiming(EquipmentsPage.java:81)
at com.medmantra.testcases.ES_Appoinment.TC_019_ES_EquipementsBlocking.runEquipmentBlocking(TC_019_ES_EquipementsBlocking.java:43)
at java.base/java.util.ArrayList.forEach(ArrayList.java:1511)
... Removed 27 stack frames]]>
    </failure>
  </testcase> <!-- runEquipmentBlocking -->
</testsuite> <!-- ES_TC_018 -->
