<?xml version="1.0" encoding="UTF-8"?>
<!-- Generated by org.testng.reporters.JUnitXMLReporter -->
<testsuite ignored="3" hostname="EC-AUTOMA-001" failures="0" tests="2" name="OPWards_TC_063" time="183.618" errors="0" timestamp="2022-09-18T23:48:30 PDT">
  <testcase classname="com.medmantra.testcases.Registration.TC_001_REG_NormalRegistration" name="normalRegistration" time="110.732"/>
  <testcase classname="com.medmantra.testcases.OPWards.TC_063_SecretaryDashboard_AppointmentWithDoctor_Schedule" name="runDoctorsAppoinmentBookingSchedule" time="67.769"/>
  <testcase classname="com.framework.utils.Reporter" name="@BeforeSuite startReport" time="0.0">
    <ignored/>
  </testcase> <!-- @BeforeSuite startReport -->
  <testcase classname="com.framework.testng.api.base.ProjectSpecificMethods" name="@BeforeSuite url" time="0.0">
    <ignored/>
  </testcase> <!-- @BeforeSuite url -->
  <testcase classname="com.framework.utils.Reporter" name="@AfterSuite endResult" time="0.0">
    <ignored/>
  </testcase> <!-- @AfterSuite endResult -->
</testsuite> <!-- OPWards_TC_063 -->
