<?xml version="1.0" encoding="UTF-8"?>
<!-- Generated by org.testng.reporters.JUnitXMLReporter -->
<testsuite ignored="9" hostname="DESKTOP-6CGC2KB" failures="2" tests="4" name="TC_054" time="308.864" errors="0" timestamp="2022-09-28T11:26:48 IST">
  <testcase classname="com.medmantra.testcases.Laboratory.ToCreateLRNNumber" name="createLRN" time="78.721"/>
  <testcase classname="com.medmantra.testcases.Laboratory.TC_029_LAB_IPSampleCollection" name="IPSampleCollection" time="88.387"/>
  <testcase classname="com.medmantra.testcases.Laboratory.ReceiveSamples_Histopathology" name="ReceiveSamples" time="34.525">
    <failure type="java.lang.RuntimeException" message="See the reporter for details.">
      <![CDATA[java.lang.RuntimeException: See the reporter for details.
at com.framework.utils.Reporter.reportStep(Reporter.java:99)
at com.framework.utils.Reporter.reportStep(Reporter.java:113)
at com.framework.selenium.api.base.SeleniumBase.locateElement(SeleniumBase.java:632)
at com.medmantra.pages.PrepareSampleInternalPage.selectNatureofSpecimen(PrepareSampleInternalPage.java:34)
at com.medmantra.testcases.Laboratory.ReceiveSamples_Histopathology.ReceiveSamples(ReceiveSamples_Histopathology.java:54)
at java.base/java.util.ArrayList.forEach(ArrayList.java:1511)
... Removed 27 stack frames]]>
    </failure>
  </testcase> <!-- ReceiveSamples -->
  <testcase classname="com.medmantra.testcases.Laboratory.TC_054_LAB_Histopathology" name="Histopathology" time="28.726">
    <failure type="java.lang.RuntimeException" message="See the reporter for details.">
      <![CDATA[java.lang.RuntimeException: See the reporter for details.
at com.framework.utils.Reporter.reportStep(Reporter.java:99)
at com.framework.utils.Reporter.reportStep(Reporter.java:113)
at com.framework.selenium.api.base.SeleniumBase.locateElement(SeleniumBase.java:632)
at com.medmantra.pages.BatchProcessSamplePage.selectSubmittedTo(BatchProcessSamplePage.java:46)
at com.medmantra.testcases.Laboratory.TC_054_LAB_Histopathology.Histopathology(TC_054_LAB_Histopathology.java:54)
at java.base/java.util.ArrayList.forEach(ArrayList.java:1511)
... Removed 27 stack frames]]>
    </failure>
  </testcase> <!-- Histopathology -->
  <testcase classname="com.framework.utils.Reporter" name="@BeforeSuite startReport" time="0.0">
    <ignored/>
  </testcase> <!-- @BeforeSuite startReport -->
  <testcase classname="com.framework.utils.Reporter" name="@BeforeSuite startReport" time="0.0">
    <ignored/>
  </testcase> <!-- @BeforeSuite startReport -->
  <testcase classname="com.framework.utils.Reporter" name="@BeforeSuite startReport" time="0.0">
    <ignored/>
  </testcase> <!-- @BeforeSuite startReport -->
  <testcase classname="com.framework.testng.api.base.ProjectSpecificMethods" name="@BeforeSuite url" time="0.0">
    <ignored/>
  </testcase> <!-- @BeforeSuite url -->
  <testcase classname="com.framework.testng.api.base.ProjectSpecificMethods" name="@BeforeSuite url" time="0.0">
    <ignored/>
  </testcase> <!-- @BeforeSuite url -->
  <testcase classname="com.framework.testng.api.base.ProjectSpecificMethods" name="@BeforeSuite url" time="0.0">
    <ignored/>
  </testcase> <!-- @BeforeSuite url -->
  <testcase classname="com.framework.utils.Reporter" name="@AfterSuite endResult" time="0.0">
    <ignored/>
  </testcase> <!-- @AfterSuite endResult -->
  <testcase classname="com.framework.utils.Reporter" name="@AfterSuite endResult" time="0.0">
    <ignored/>
  </testcase> <!-- @AfterSuite endResult -->
  <testcase classname="com.framework.utils.Reporter" name="@AfterSuite endResult" time="0.0">
    <ignored/>
  </testcase> <!-- @AfterSuite endResult -->
</testsuite> <!-- TC_054 -->
