<?xml version="1.0" encoding="UTF-8"?>
<!-- Generated by org.testng.reporters.JUnitXMLReporter -->
<testsuite ignored="3" hostname="EC-AUTOMA-001" failures="2" tests="6" name="TC_029" time="891.777" errors="0" timestamp="2022-09-13T06:13:41 PDT">
  <testcase classname="com.medmantra.testcases.Laboratory.ToCreateLRNNumber" name="createLRN" time="124.052">
    <skipped/>
  </testcase> <!-- createLRN -->
  <testcase classname="com.medmantra.testcases.Laboratory.ToCreateLRNNumber" name="createLRN" time="123.492">
    <skipped/>
  </testcase> <!-- createLRN -->
  <testcase classname="com.medmantra.testcases.Laboratory.ToCreateLRNNumber" name="createLRN" time="123.509">
    <failure type="java.lang.RuntimeException" message="See the reporter for details.">
      <![CDATA[java.lang.RuntimeException: See the reporter for details.
at com.framework.utils.Reporter.reportStep(Reporter.java:92)
at com.framework.utils.Reporter.reportStep(Reporter.java:107)
at com.framework.selenium.api.base.SeleniumBase.locateElement(SeleniumBase.java:632)
at com.medmantra.pages.WardsDashboardPage.clickDoctorActivities(WardsDashboardPage.java:39)
at com.medmantra.testcases.Laboratory.ToCreateLRNNumber.createLRN(ToCreateLRNNumber.java:50)
at java.base/java.util.ArrayList.forEach(ArrayList.java:1511)
... Removed 26 stack frames]]>
    </failure>
  </testcase> <!-- createLRN -->
  <testcase classname="com.medmantra.testcases.Laboratory.TC_029_LAB_IPSampleCollection" name="IPSampleCollection" time="107.082">
    <skipped/>
  </testcase> <!-- IPSampleCollection -->
  <testcase classname="com.medmantra.testcases.Laboratory.TC_029_LAB_IPSampleCollection" name="IPSampleCollection" time="253.55">
    <skipped/>
  </testcase> <!-- IPSampleCollection -->
  <testcase classname="com.medmantra.testcases.Laboratory.TC_029_LAB_IPSampleCollection" name="IPSampleCollection" time="100.313">
    <failure type="java.lang.RuntimeException" message="See the reporter for details.">
      <![CDATA[java.lang.RuntimeException: See the reporter for details.
at com.framework.utils.Reporter.reportStep(Reporter.java:92)
at com.framework.utils.Reporter.reportStep(Reporter.java:107)
at com.framework.selenium.api.base.SeleniumBase.locateElement(SeleniumBase.java:632)
at com.medmantra.pages.HomePage.clickLaboratory(HomePage.java:45)
at com.medmantra.testcases.Laboratory.TC_029_LAB_IPSampleCollection.IPSampleCollection(TC_029_LAB_IPSampleCollection.java:27)
at java.base/java.util.ArrayList.forEach(ArrayList.java:1511)
... Removed 27 stack frames]]>
    </failure>
  </testcase> <!-- IPSampleCollection -->
  <testcase classname="com.framework.utils.Reporter" name="@BeforeSuite startReport" time="0.0">
    <ignored/>
  </testcase> <!-- @BeforeSuite startReport -->
  <testcase classname="com.framework.testng.api.base.ProjectSpecificMethods" name="@BeforeSuite url" time="0.0">
    <ignored/>
  </testcase> <!-- @BeforeSuite url -->
  <testcase classname="com.framework.utils.Reporter" name="@AfterSuite endResult" time="0.0">
    <ignored/>
  </testcase> <!-- @AfterSuite endResult -->
</testsuite> <!-- TC_029 -->
