<?xml version="1.0" encoding="UTF-8"?>
<!-- Generated by org.testng.reporters.JUnitXMLReporter -->
<testsuite ignored="3" hostname="EC-AUTOMA-001" failures="1" tests="6" name="TC_011" time="586.362" errors="0" timestamp="2022-09-14T23:25:17 PDT">
  <testcase classname="com.medmantra.testcases.Laboratory.ToCreateLRNNumber" name="createLRN" time="45.795">
    <skipped/>
  </testcase> <!-- createLRN -->
  <testcase classname="com.medmantra.testcases.Laboratory.ToCreateLRNNumber" name="createLRN" time="45.663">
    <skipped/>
  </testcase> <!-- createLRN -->
  <testcase classname="com.medmantra.testcases.Laboratory.ToCreateLRNNumber" name="createLRN" time="64.715"/>
  <testcase classname="com.medmantra.testcases.Laboratory.TC_011_LAB_ModifyTestRequest_CancelProfile" name="runCancelProfile" time="107.199">
    <skipped/>
  </testcase> <!-- runCancelProfile -->
  <testcase classname="com.medmantra.testcases.Laboratory.TC_011_LAB_ModifyTestRequest_CancelProfile" name="runCancelProfile" time="164.074">
    <skipped/>
  </testcase> <!-- runCancelProfile -->
  <testcase classname="com.medmantra.testcases.Laboratory.TC_011_LAB_ModifyTestRequest_CancelProfile" name="runCancelProfile" time="148.852">
    <failure type="java.lang.RuntimeException" message="See the reporter for details.">
      <![CDATA[java.lang.RuntimeException: See the reporter for details.
at com.framework.utils.Reporter.reportStep(Reporter.java:92)
at com.framework.utils.Reporter.reportStep(Reporter.java:107)
at com.framework.selenium.api.base.SeleniumBase.locateElement(SeleniumBase.java:632)
at com.medmantra.pages.ModifyTestRequestPage.clickDeleteProfileButton(ModifyTestRequestPage.java:66)
at com.medmantra.testcases.Laboratory.TC_011_LAB_ModifyTestRequest_CancelProfile.runCancelProfile(TC_011_LAB_ModifyTestRequest_CancelProfile.java:35)
at java.base/java.util.ArrayList.forEach(ArrayList.java:1511)
... Removed 27 stack frames]]>
    </failure>
  </testcase> <!-- runCancelProfile -->
  <testcase classname="com.framework.utils.Reporter" name="@BeforeSuite startReport" time="0.0">
    <ignored/>
  </testcase> <!-- @BeforeSuite startReport -->
  <testcase classname="com.framework.testng.api.base.ProjectSpecificMethods" name="@BeforeSuite url" time="0.0">
    <ignored/>
  </testcase> <!-- @BeforeSuite url -->
  <testcase classname="com.framework.utils.Reporter" name="@AfterSuite endResult" time="0.0">
    <ignored/>
  </testcase> <!-- @AfterSuite endResult -->
</testsuite> <!-- TC_011 -->
