<?xml version="1.0" encoding="UTF-8"?>
<!-- Generated by org.testng.reporters.JUnitXMLReporter -->
<testsuite ignored="6" hostname="EC-AUTOMA-001" failures="0" tests="3" name="TC_021 - 023" time="97.438" errors="0" timestamp="2022-09-13T05:21:15 PDT">
  <testcase classname="com.medmantra.testcases.Laboratory.TC_021_LAB_PhlebotomistTATReportViewDatewise" name="runTransaction" time="27.554"/>
  <testcase classname="com.medmantra.testcases.Laboratory.TC_022_LAB_PhlebotomistTATReport" name="PhlebotomistTATReport" time="28.762"/>
  <testcase classname="com.medmantra.testcases.Laboratory.TC_023_LAB_PhlebotomistTAT_Report_Download" name="runTransaction" time="29.91"/>
  <testcase classname="com.framework.utils.Reporter" name="@BeforeSuite startReport" time="0.0">
    <ignored/>
  </testcase> <!-- @BeforeSuite startReport -->
  <testcase classname="com.framework.utils.Reporter" name="@BeforeSuite startReport" time="0.0">
    <ignored/>
  </testcase> <!-- @BeforeSuite startReport -->
  <testcase classname="com.framework.testng.api.base.ProjectSpecificMethods" name="@BeforeSuite url" time="0.0">
    <ignored/>
  </testcase> <!-- @BeforeSuite url -->
  <testcase classname="com.framework.testng.api.base.ProjectSpecificMethods" name="@BeforeSuite url" time="0.0">
    <ignored/>
  </testcase> <!-- @BeforeSuite url -->
  <testcase classname="com.framework.utils.Reporter" name="@AfterSuite endResult" time="0.0">
    <ignored/>
  </testcase> <!-- @AfterSuite endResult -->
  <testcase classname="com.framework.utils.Reporter" name="@AfterSuite endResult" time="0.0">
    <ignored/>
  </testcase> <!-- @AfterSuite endResult -->
</testsuite> <!-- TC_021 - 023 -->
