<?xml version="1.0" encoding="UTF-8"?>
<!-- Generated by org.testng.reporters.JUnitXMLReporter -->
<testsuite ignored="156" hostname="EC-AUTOMA-001" failures="25" tests="53" name="TC_025 - TC_116" time="4032.214" errors="0" timestamp="2022-09-19T23:20:10 PDT">
  <testcase classname="com.medmantra.testcases.Admission.TC_025_Transactions_BedBookingOnline" name="runBedBookingOnline" time="123.432">
    <failure type="java.lang.RuntimeException" message="See the reporter for details.">
      <![CDATA[java.lang.RuntimeException: See the reporter for details.
at com.framework.utils.Reporter.reportStep(Reporter.java:92)
at com.framework.utils.Reporter.reportStep(Reporter.java:107)
at com.framework.selenium.api.base.SeleniumBase.selectDropDownUsingText(SeleniumBase.java:410)
at com.medmantra.pages.BedBookingPage.selectSecondChoice(BedBookingPage.java:50)
at com.medmantra.testcases.Admission.TC_025_Transactions_BedBookingOnline.runBedBookingOnline(TC_025_Transactions_BedBookingOnline.java:46)
at java.base/java.util.ArrayList.forEach(ArrayList.java:1511)
... Removed 27 stack frames]]>
    </failure>
  </testcase> <!-- runBedBookingOnline -->
  <testcase classname="com.medmantra.testcases.Admission.TC_026_Transactions_BedBookingModify" name="runBedBookingModify" time="38.039">
    <failure type="java.lang.RuntimeException" message="See the reporter for details.">
      <![CDATA[java.lang.RuntimeException: See the reporter for details.
at com.framework.utils.Reporter.reportStep(Reporter.java:92)
at com.framework.utils.Reporter.reportStep(Reporter.java:107)
at com.framework.selenium.api.base.SeleniumBase.verifyUrl(SeleniumBase.java:885)
at com.medmantra.pages.ModifyPage.verifyBedBookingModify(ModifyPage.java:147)
at com.medmantra.testcases.Admission.TC_026_Transactions_BedBookingModify.runBedBookingModify(TC_026_Transactions_BedBookingModify.java:53)
at java.base/java.util.ArrayList.forEach(ArrayList.java:1511)
... Removed 27 stack frames]]>
    </failure>
  </testcase> <!-- runBedBookingModify -->
  <testcase classname="com.medmantra.testcases.Admission.TC_027_Transactions_BedBookingCancel" name="runBedBookingCancel" time="39.638">
    <failure type="java.lang.RuntimeException" message="See the reporter for details.">
      <![CDATA[java.lang.RuntimeException: See the reporter for details.
at com.framework.utils.Reporter.reportStep(Reporter.java:92)
at com.framework.utils.Reporter.reportStep(Reporter.java:107)
at com.framework.selenium.api.base.SeleniumBase.takeSnap(SeleniumBase.java:913)
at com.framework.utils.Reporter.reportStep(Reporter.java:80)
at com.framework.utils.Reporter.reportStep(Reporter.java:107)
at com.medmantra.pages.CancelPage.clickSearchButton(CancelPage.java:17)
at com.medmantra.testcases.Admission.TC_027_Transactions_BedBookingCancel.runBedBookingCancel(TC_027_Transactions_BedBookingCancel.java:34)
at java.base/java.util.ArrayList.forEach(ArrayList.java:1511)
... Removed 27 stack frames]]>
    </failure>
  </testcase> <!-- runBedBookingCancel -->
  <testcase classname="com.medmantra.testcases.Admission.TC_028_Transactions_BedBookingViewReservation" name="runBedBookingViewReservation" time="137.865">
    <failure type="java.lang.RuntimeException" message="See the reporter for details.">
      <![CDATA[java.lang.RuntimeException: See the reporter for details.
at com.framework.utils.Reporter.reportStep(Reporter.java:92)
at com.framework.utils.Reporter.reportStep(Reporter.java:107)
at com.framework.selenium.api.base.SeleniumBase.locateElement(SeleniumBase.java:632)
at com.medmantra.pages.ViewReservationPage.verifyReservedBedBookings(ViewReservationPage.java:86)
at com.medmantra.testcases.Admission.TC_028_Transactions_BedBookingViewReservation.runBedBookingViewReservation(TC_028_Transactions_BedBookingViewReservation.java:35)
at java.base/java.util.ArrayList.forEach(ArrayList.java:1511)
... Removed 27 stack frames]]>
    </failure>
  </testcase> <!-- runBedBookingViewReservation -->
  <testcase classname="com.medmantra.testcases.Admission.TC_029_Transactions_BedBookingViewReservation_Arrived" name="runViewReservationArrived" time="31.892"/>
  <testcase classname="com.medmantra.testcases.Admission.TC_030_BedBooking_ViewReservation_Admit" name="runViewReservationAdmit" time="78.52"/>
  <testcase classname="com.medmantra.testcases.Admission.TC_031_BedBooking_ViewReservation_Update" name="runViewReservationUpdate" time="150.985">
    <failure type="java.lang.RuntimeException" message="See the reporter for details.">
      <![CDATA[java.lang.RuntimeException: See the reporter for details.
at com.framework.utils.Reporter.reportStep(Reporter.java:92)
at com.framework.selenium.api.base.SeleniumBase.acceptAlert(SeleniumBase.java:710)
at com.medmantra.pages.ViewReservationPage.clickUpdateButton(ViewReservationPage.java:44)
at com.medmantra.testcases.Admission.TC_031_BedBooking_ViewReservation_Update.runViewReservationUpdate(TC_031_BedBooking_ViewReservation_Update.java:39)
at java.base/java.util.ArrayList.forEach(ArrayList.java:1511)
... Removed 27 stack frames]]>
    </failure>
  </testcase> <!-- runViewReservationUpdate -->
  <testcase classname="com.medmantra.testcases.Admission.TC_032_BedBooking_ViewReservation_Delete" name="runViewReservationDelete" time="150.429">
    <failure type="java.lang.RuntimeException" message="See the reporter for details.">
      <![CDATA[java.lang.RuntimeException: See the reporter for details.
at com.framework.utils.Reporter.reportStep(Reporter.java:92)
at com.framework.selenium.api.base.SeleniumBase.acceptAlert(SeleniumBase.java:710)
at com.medmantra.pages.ViewReservationPage.clickDeleteButton(ViewReservationPage.java:52)
at com.medmantra.testcases.Admission.TC_032_BedBooking_ViewReservation_Delete.runViewReservationDelete(TC_032_BedBooking_ViewReservation_Delete.java:35)
at java.base/java.util.ArrayList.forEach(ArrayList.java:1511)
... Removed 27 stack frames]]>
    </failure>
  </testcase> <!-- runViewReservationDelete -->
  <testcase classname="com.medmantra.testcases.Admission.TC_033_Transactions_BedBookingViewReservation_BedBookingSlip" name="runBedBookingViewReservation" time="22.709">
    <failure type="java.lang.RuntimeException" message="See the reporter for details.">
      <![CDATA[java.lang.RuntimeException: See the reporter for details.
at com.framework.utils.Reporter.reportStep(Reporter.java:92)
at com.framework.utils.Reporter.reportStep(Reporter.java:107)
at com.framework.selenium.api.base.SeleniumBase.takeSnap(SeleniumBase.java:913)
at com.framework.utils.Reporter.reportStep(Reporter.java:80)
at com.framework.utils.Reporter.reportStep(Reporter.java:107)
at com.medmantra.pages.ViewReservationPage.clickSearchtButton(ViewReservationPage.java:30)
at com.medmantra.testcases.Admission.TC_033_Transactions_BedBookingViewReservation_BedBookingSlip.runBedBookingViewReservation(TC_033_Transactions_BedBookingViewReservation_BedBookingSlip.java:33)
at java.base/java.util.ArrayList.forEach(ArrayList.java:1511)
... Removed 27 stack frames]]>
    </failure>
  </testcase> <!-- runBedBookingViewReservation -->
  <testcase classname="com.medmantra.testcases.Admission.TC_034_Transactions_IPSearch" name="runIPSearch" time="34.151"/>
  <testcase classname="com.medmantra.testcases.Admission.TC_035_Transactions_IPSearchTransfer" name="runIPSearchTransfer" time="37.866">
    <failure type="java.lang.RuntimeException" message="See the reporter for details.">
      <![CDATA[java.lang.RuntimeException: See the reporter for details.
at com.framework.utils.Reporter.reportStep(Reporter.java:92)
at com.framework.utils.Reporter.reportStep(Reporter.java:107)
at com.framework.selenium.api.base.SeleniumBase.takeSnap(SeleniumBase.java:913)
at com.framework.utils.Reporter.reportStep(Reporter.java:80)
at com.framework.utils.Reporter.reportStep(Reporter.java:107)
at com.medmantra.pages.MainSearchScreenPage.clickTransferButton(MainSearchScreenPage.java:37)
at com.medmantra.testcases.Admission.TC_035_Transactions_IPSearchTransfer.runIPSearchTransfer(TC_035_Transactions_IPSearchTransfer.java:36)
at java.base/java.util.ArrayList.forEach(ArrayList.java:1511)
... Removed 27 stack frames]]>
    </failure>
  </testcase> <!-- runIPSearchTransfer -->
  <testcase classname="com.medmantra.testcases.Admission.TC_036_IPSearch_EditAdmission" name="runEditAdmission" time="193.166">
    <failure type="java.lang.RuntimeException" message="See the reporter for details.">
      <![CDATA[java.lang.RuntimeException: See the reporter for details.
at com.framework.utils.Reporter.reportStep(Reporter.java:92)
at com.framework.selenium.api.base.SeleniumBase.verifyAlertText(SeleniumBase.java:1105)
at com.medmantra.pages.EditAdmissionDetailsPage.verifyAdmissionIsEdited(EditAdmissionDetailsPage.java:24)
at com.medmantra.testcases.Admission.TC_036_IPSearch_EditAdmission.runEditAdmission(TC_036_IPSearch_EditAdmission.java:43)
at java.base/java.util.ArrayList.forEach(ArrayList.java:1511)
... Removed 27 stack frames]]>
    </failure>
  </testcase> <!-- runEditAdmission -->
  <testcase classname="com.medmantra.testcases.Admission.TC_037_IPSearch_EditMLC_Details" name="runEditMLCDetails" time="85.033">
    <failure type="java.lang.RuntimeException" message="See the reporter for details.">
      <![CDATA[java.lang.RuntimeException: See the reporter for details.
at com.framework.utils.Reporter.reportStep(Reporter.java:92)
at com.framework.selenium.api.base.SeleniumBase.acceptAlert(SeleniumBase.java:710)
at com.medmantra.pages.MainSearchScreenPage.clickEditMLCDetails(MainSearchScreenPage.java:52)
at com.medmantra.testcases.Admission.TC_037_IPSearch_EditMLC_Details.runEditMLCDetails(TC_037_IPSearch_EditMLC_Details.java:39)
at java.base/java.util.ArrayList.forEach(ArrayList.java:1511)
... Removed 27 stack frames]]>
    </failure>
  </testcase> <!-- runEditMLCDetails -->
  <testcase classname="com.medmantra.testcases.Admission.TC_038_IPSearchCancel_IPAdmission" name="runCancelIPAdmission" time="59.635">
    <failure type="java.lang.RuntimeException" message="See the reporter for details.">
      <![CDATA[java.lang.RuntimeException: See the reporter for details.
at com.framework.utils.Reporter.reportStep(Reporter.java:92)
at com.framework.utils.Reporter.reportStep(Reporter.java:107)
at com.framework.selenium.api.base.SeleniumBase.takeSnap(SeleniumBase.java:913)
at com.framework.utils.Reporter.reportStep(Reporter.java:80)
at com.framework.utils.Reporter.reportStep(Reporter.java:107)
at com.medmantra.pages.MainSearchScreenPage.clickCancelIPAdmission(MainSearchScreenPage.java:58)
at com.medmantra.testcases.Admission.TC_038_IPSearchCancel_IPAdmission.runCancelIPAdmission(TC_038_IPSearchCancel_IPAdmission.java:39)
at java.base/java.util.ArrayList.forEach(ArrayList.java:1511)
... Removed 27 stack frames]]>
    </failure>
  </testcase> <!-- runCancelIPAdmission -->
  <testcase classname="com.medmantra.testcases.Admission.TC_039_AdmissionIPAdmissionPaper" name="runIPAdmissionPaper" time="94.441">
    <failure type="java.lang.RuntimeException" message="See the reporter for details.">
      <![CDATA[java.lang.RuntimeException: See the reporter for details.
at com.framework.utils.Reporter.reportStep(Reporter.java:92)
at com.framework.utils.Reporter.reportStep(Reporter.java:107)
at com.framework.selenium.api.base.SeleniumBase.takeSnap(SeleniumBase.java:913)
at com.framework.utils.Reporter.reportStep(Reporter.java:80)
at com.framework.utils.Reporter.reportStep(Reporter.java:107)
at com.medmantra.pages.IPAdmissionPage.clickSubmitButton(IPAdmissionPage.java:61)
at com.medmantra.testcases.Admission.TC_039_AdmissionIPAdmissionPaper.runIPAdmissionPaper(TC_039_AdmissionIPAdmissionPaper.java:59)
at java.base/java.util.ArrayList.forEach(ArrayList.java:1511)
... Removed 27 stack frames]]>
    </failure>
  </testcase> <!-- runIPAdmissionPaper -->
  <testcase classname="com.medmantra.testcases.Admission.TC_040_AdmissionIPAdmissionOnline" name="runIPAdmissionOnline" time="101.937">
    <failure type="java.lang.RuntimeException" message="See the reporter for details.">
      <![CDATA[java.lang.RuntimeException: See the reporter for details.
at com.framework.utils.Reporter.reportStep(Reporter.java:92)
at com.framework.utils.Reporter.reportStep(Reporter.java:107)
at com.framework.selenium.api.base.SeleniumBase.takeSnap(SeleniumBase.java:913)
at com.framework.utils.Reporter.reportStep(Reporter.java:80)
at com.framework.utils.Reporter.reportStep(Reporter.java:107)
at com.medmantra.pages.IPAdmissionPage.clickSubmitButton(IPAdmissionPage.java:61)
at com.medmantra.testcases.Admission.TC_040_AdmissionIPAdmissionOnline.runIPAdmissionOnline(TC_040_AdmissionIPAdmissionOnline.java:58)
at java.base/java.util.ArrayList.forEach(ArrayList.java:1511)
... Removed 27 stack frames]]>
    </failure>
  </testcase> <!-- runIPAdmissionOnline -->
  <testcase classname="com.medmantra.testcases.Admission.TC_041_AdmissionIPAdmissionCash" name="runIPAdmissionCash" time="93.772">
    <failure type="java.lang.RuntimeException" message="See the reporter for details.">
      <![CDATA[java.lang.RuntimeException: See the reporter for details.
at com.framework.utils.Reporter.reportStep(Reporter.java:92)
at com.framework.utils.Reporter.reportStep(Reporter.java:107)
at com.framework.selenium.api.base.SeleniumBase.takeSnap(SeleniumBase.java:913)
at com.framework.utils.Reporter.reportStep(Reporter.java:80)
at com.framework.utils.Reporter.reportStep(Reporter.java:107)
at com.medmantra.pages.IPAdmissionPage.clickSubmitButton(IPAdmissionPage.java:61)
at com.medmantra.testcases.Admission.TC_041_AdmissionIPAdmissionCash.runIPAdmissionCash(TC_041_AdmissionIPAdmissionCash.java:59)
at java.base/java.util.ArrayList.forEach(ArrayList.java:1511)
... Removed 27 stack frames]]>
    </failure>
  </testcase> <!-- runIPAdmissionCash -->
  <testcase classname="com.medmantra.testcases.Admission.TC_043_IPAdmissionCancel" name="runIPAdmissionCancel" time="207.422">
    <failure type="java.lang.RuntimeException" message="See the reporter for details.">
      <![CDATA[java.lang.RuntimeException: See the reporter for details.
at com.framework.utils.Reporter.reportStep(Reporter.java:92)
at com.framework.utils.Reporter.reportStep(Reporter.java:107)
at com.framework.selenium.api.base.SeleniumBase.selectDropDownUsingText(SeleniumBase.java:410)
at com.medmantra.pages.CancelAdmissionPage.selectAuthorizingDoctor(CancelAdmissionPage.java:20)
at com.medmantra.testcases.Admission.TC_043_IPAdmissionCancel.runIPAdmissionCancel(TC_043_IPAdmissionCancel.java:35)
at java.base/java.util.ArrayList.forEach(ArrayList.java:1511)
... Removed 27 stack frames]]>
    </failure>
  </testcase> <!-- runIPAdmissionCancel -->
  <testcase classname="com.medmantra.testcases.Admission.TC_046_Transfer_ChangeBedStatus_ChangeStatus" name="runChangeBedStatusChangeStatus" time="48.634"/>
  <testcase classname="com.medmantra.testcases.Admission.TC_047_Block_Reserve_BlockBed_Save" name="runReserveBlockBedSave" time="71.72"/>
  <testcase classname="com.medmantra.testcases.Admission.TC_048_Block_Reserve_BlockBed_View" name="runReserveBlockBedView" time="205.674">
    <failure type="java.lang.RuntimeException" message="See the reporter for details.">
      <![CDATA[java.lang.RuntimeException: See the reporter for details.
at com.framework.utils.Reporter.reportStep(Reporter.java:92)
at com.framework.selenium.api.base.SeleniumBase.acceptAlert(SeleniumBase.java:710)
at com.medmantra.pages.AdmissionAndTransferPage.clickViewButton(AdmissionAndTransferPage.java:118)
at com.medmantra.testcases.Admission.TC_048_Block_Reserve_BlockBed_View.runReserveBlockBedView(TC_048_Block_Reserve_BlockBed_View.java:48)
at java.base/java.util.ArrayList.forEach(ArrayList.java:1511)
... Removed 27 stack frames]]>
    </failure>
  </testcase> <!-- runReserveBlockBedView -->
  <testcase classname="com.medmantra.testcases.Admission.TC_049_BlockReserve_ReserveBed_Save" name="runReserveBedSave" time="60.438"/>
  <testcase classname="com.medmantra.testcases.Admission.TC_050_BlockReserve_ReserveBed_View" name="runReserveBedView" time="59.205"/>
  <testcase classname="com.medmantra.testcases.Admission.TC_053_CovidInfoViewandUpdate" name="runCovidInfoViewandUpdate" time="106.752">
    <failure type="java.lang.RuntimeException" message="See the reporter for details.">
      <![CDATA[java.lang.RuntimeException: See the reporter for details.
at com.framework.utils.Reporter.reportStep(Reporter.java:92)
at com.framework.utils.Reporter.reportStep(Reporter.java:107)
at com.framework.selenium.api.base.SeleniumBase.locateElement(SeleniumBase.java:632)
at com.medmantra.pages.AdmissionAndTransferPage.mouseHoverOnOthers(AdmissionAndTransferPage.java:224)
at com.medmantra.testcases.Admission.TC_053_CovidInfoViewandUpdate.runCovidInfoViewandUpdate(TC_053_CovidInfoViewandUpdate.java:31)
at java.base/java.util.ArrayList.forEach(ArrayList.java:1511)
... Removed 27 stack frames]]>
    </failure>
  </testcase> <!-- runCovidInfoViewandUpdate -->
  <testcase classname="com.medmantra.testcases.Admission.TC_054_QuickLinks_BedMatrix" name="runQuickLinksBedMatrix" time="114.795">
    <failure type="java.lang.RuntimeException" message="See the reporter for details.">
      <![CDATA[java.lang.RuntimeException: See the reporter for details.
at com.framework.utils.Reporter.reportStep(Reporter.java:92)
at com.framework.utils.Reporter.reportStep(Reporter.java:107)
at com.framework.selenium.api.base.SeleniumBase.locateElement(SeleniumBase.java:632)
at com.medmantra.pages.BedMatrixPage.verifyBedFloor(BedMatrixPage.java:83)
at com.medmantra.testcases.Admission.TC_054_QuickLinks_BedMatrix.runQuickLinksBedMatrix(TC_054_QuickLinks_BedMatrix.java:33)
at java.base/java.util.ArrayList.forEach(ArrayList.java:1511)
... Removed 27 stack frames]]>
    </failure>
  </testcase> <!-- runQuickLinksBedMatrix -->
  <testcase classname="com.medmantra.testcases.Admission.TC_055_QuickLinks_IPAdmission" name="runQuickLinksIPAdmission" time="51.33"/>
  <testcase classname="com.medmantra.testcases.Admission.TC_056_QuickLinks_Statictics" name="runQuickLinksStatictics" time="34.888"/>
  <testcase classname="com.medmantra.testcases.Admission.TC_057_QuickLinks_Reports" name="runQuickLinksReports" time="15.679"/>
  <testcase classname="com.medmantra.testcases.Admission.TC_058_QuickLinksTransferHistory" name="runQuickLinksTransferHistory" time="39.24"/>
  <testcase classname="com.medmantra.testcases.Admission.TC_059_QuickLinksDischargeLink" name="runQuickLinksDischargeLink" time="35.311"/>
  <testcase classname="com.medmantra.testcases.Admission.TC_060_Transanction_SearchTransfers" name="runSearchTransfers" time="152.361">
    <failure type="java.lang.RuntimeException" message="See the reporter for details.">
      <![CDATA[java.lang.RuntimeException: See the reporter for details.
at com.framework.utils.Reporter.reportStep(Reporter.java:92)
at com.framework.utils.Reporter.reportStep(Reporter.java:107)
at com.framework.selenium.api.base.SeleniumBase.takeSnap(SeleniumBase.java:913)
at com.framework.utils.Reporter.reportStep(Reporter.java:80)
at com.framework.utils.Reporter.reportStep(Reporter.java:107)
at com.medmantra.pages.AdmissionAndTransferPage.selectOccpyOld(AdmissionAndTransferPage.java:348)
at com.medmantra.testcases.Admission.TC_060_Transanction_SearchTransfers.runSearchTransfers(TC_060_Transanction_SearchTransfers.java:32)
at java.base/java.util.ArrayList.forEach(ArrayList.java:1511)
... Removed 27 stack frames]]>
    </failure>
  </testcase> <!-- runSearchTransfers -->
  <testcase classname="com.medmantra.testcases.Admission.TC_061_Transanction_SearchTransfers" name="runSearchTransfers" time="35.733">
    <failure type="java.lang.RuntimeException" message="See the reporter for details.">
      <![CDATA[java.lang.RuntimeException: See the reporter for details.
at com.framework.utils.Reporter.reportStep(Reporter.java:92)
at com.framework.utils.Reporter.reportStep(Reporter.java:107)
at com.framework.selenium.api.base.SeleniumBase.takeSnap(SeleniumBase.java:913)
at com.framework.utils.Reporter.reportStep(Reporter.java:80)
at com.framework.utils.Reporter.reportStep(Reporter.java:107)
at com.medmantra.pages.AdmissionAndTransferPage.verifyReleaseAlert(AdmissionAndTransferPage.java:450)
at com.medmantra.testcases.Admission.TC_061_Transanction_SearchTransfers.runSearchTransfers(TC_061_Transanction_SearchTransfers.java:39)
at java.base/java.util.ArrayList.forEach(ArrayList.java:1511)
... Removed 27 stack frames]]>
    </failure>
  </testcase> <!-- runSearchTransfers -->
  <testcase classname="com.medmantra.testcases.Admission.TC_064_Transanction_SearchTransfers" name="runSearchTransfers" time="122.295">
    <failure type="java.lang.RuntimeException" message="See the reporter for details.">
      <![CDATA[java.lang.RuntimeException: See the reporter for details.
at com.framework.utils.Reporter.reportStep(Reporter.java:92)
at com.framework.utils.Reporter.reportStep(Reporter.java:107)
at com.framework.selenium.api.base.SeleniumBase.locateElement(SeleniumBase.java:632)
at com.medmantra.pages.AdmissionAndTransferPage.clickSavebutton(AdmissionAndTransferPage.java:457)
at com.medmantra.testcases.Admission.TC_064_Transanction_SearchTransfers.runSearchTransfers(TC_064_Transanction_SearchTransfers.java:37)
at java.base/java.util.ArrayList.forEach(ArrayList.java:1511)
... Removed 27 stack frames]]>
    </failure>
  </testcase> <!-- runSearchTransfers -->
  <testcase classname="com.medmantra.testcases.Admission.TC_066_SearchDischargeSummary" name="runSearchDischargeSummary" time="51.194"/>
  <testcase classname="com.medmantra.testcases.Admission.TC_067_Search_ReadyForCheckout" name="runSearchReadyForCheckout" time="15.526"/>
  <testcase classname="com.medmantra.testcases.Admission.TC_068_Search_OnlineAdmissions" name="runSearchOnlineAdmissions" time="14.891">
    <failure type="java.lang.RuntimeException" message="See the reporter for details.">
      <![CDATA[java.lang.RuntimeException: See the reporter for details.
at com.framework.utils.Reporter.reportStep(Reporter.java:92)
at com.framework.utils.Reporter.reportStep(Reporter.java:107)
at com.framework.selenium.api.base.SeleniumBase.takeSnap(SeleniumBase.java:913)
at com.framework.utils.Reporter.reportStep(Reporter.java:80)
at com.framework.utils.Reporter.reportStep(Reporter.java:107)
at com.framework.selenium.api.base.SeleniumBase.takeSnap(SeleniumBase.java:913)
at com.framework.utils.Reporter.reportStep(Reporter.java:80)
at com.framework.utils.Reporter.reportStep(Reporter.java:107)
at com.medmantra.pages.AdmissionAndTransferPage.clickOnlineAdmissionLink(AdmissionAndTransferPage.java:428)
at com.medmantra.testcases.Admission.TC_068_Search_OnlineAdmissions.runSearchOnlineAdmissions(TC_068_Search_OnlineAdmissions.java:29)
at java.base/java.util.ArrayList.forEach(ArrayList.java:1511)
... Removed 27 stack frames]]>
    </failure>
  </testcase> <!-- runSearchOnlineAdmissions -->
  <testcase classname="com.medmantra.testcases.Admission.TC_070_Reports_SpecializationWiseIPList" name="run_SpecializationWiseIPList" time="47.13"/>
  <testcase classname="com.medmantra.testcases.Admission.TC_071_Report_DoctorwiseIPList" name="run_DoctorwiseIPList" time="100.31">
    <failure type="java.lang.RuntimeException" message="See the reporter for details.">
      <![CDATA[java.lang.RuntimeException: See the reporter for details.
at com.framework.utils.Reporter.reportStep(Reporter.java:92)
at com.framework.utils.Reporter.reportStep(Reporter.java:107)
at com.framework.selenium.api.base.SeleniumBase.locateElement(SeleniumBase.java:632)
at com.medmantra.pages.HomePage.clickOnAT(HomePage.java:59)
at com.medmantra.testcases.Admission.TC_071_Report_DoctorwiseIPList.run_DoctorwiseIPList(TC_071_Report_DoctorwiseIPList.java:30)
at java.base/java.util.ArrayList.forEach(ArrayList.java:1511)
... Removed 27 stack frames]]>
    </failure>
  </testcase> <!-- run_DoctorwiseIPList -->
  <testcase classname="com.medmantra.testcases.Admission.TC_072_Reports_AT_TodaysAdmissionList" name="runTodaysAdmissionList" time="52.824"/>
  <testcase classname="com.medmantra.testcases.Admission.TC_076_Reports_TotalOccupancy" name="runTotalOccupancy" time="40.955"/>
  <testcase classname="com.medmantra.testcases.Admission.TC_078_Reports_BedCategoryWiseIPList" name="runBedCategoryWiseIPList" time="35.297"/>
  <testcase classname="com.medmantra.testcases.Admission.TC_079_Reports_WardWiseIPList" name="runWardWiseIPList" time="47.602"/>
  <testcase classname="com.medmantra.testcases.Admission.TC_081_Reports_CurrentInPatientList" name="runCurrentInPatientList" time="29.792"/>
  <testcase classname="com.medmantra.testcases.Admission.TC_082_Reports_InternationalPatientList" name="runInternationalPatientList" time="56.255"/>
  <testcase classname="com.medmantra.testcases.Admission.TC_083_Reports_TotalAdmissionsWithinAPeriod" name="runTotalAdmissionsWithinAPeriodlink" time="47.647"/>
  <testcase classname="com.medmantra.testcases.Admission.TC_084_Reports_Patienttransferhistory" name="runPatienttransferhistory" time="32.789"/>
  <testcase classname="com.medmantra.testcases.Admission.TC_087_Reports_AT_DayCarePatientList" name="runDayCarePatientList" time="29.621">
    <failure type="java.lang.RuntimeException" message="See the reporter for details.">
      <![CDATA[java.lang.RuntimeException: See the reporter for details.
at com.framework.utils.Reporter.reportStep(Reporter.java:92)
at com.framework.selenium.api.base.SeleniumBase.switchToWindow(SeleniumBase.java:783)
at com.medmantra.pages.AdmissionReportsPage.verifyDisplayTitle(AdmissionReportsPage.java:159)
at com.medmantra.testcases.Admission.TC_087_Reports_AT_DayCarePatientList.runDayCarePatientList(TC_087_Reports_AT_DayCarePatientList.java:34)
at java.base/java.util.ArrayList.forEach(ArrayList.java:1511)
... Removed 27 stack frames]]>
    </failure>
  </testcase> <!-- runDayCarePatientList -->
  <testcase classname="com.medmantra.testcases.Admission.TC_090_LocationWiseBedDetail_Report" name="runLocationWiseBedDetail" time="100.283">
    <failure type="java.lang.RuntimeException" message="See the reporter for details.">
      <![CDATA[java.lang.RuntimeException: See the reporter for details.
at com.framework.utils.Reporter.reportStep(Reporter.java:92)
at com.framework.utils.Reporter.reportStep(Reporter.java:107)
at com.framework.selenium.api.base.SeleniumBase.locateElement(SeleniumBase.java:632)
at com.medmantra.pages.HomePage.clickOnAT(HomePage.java:59)
at com.medmantra.testcases.Admission.TC_090_LocationWiseBedDetail_Report.runLocationWiseBedDetail(TC_090_LocationWiseBedDetail_Report.java:29)
at java.base/java.util.ArrayList.forEach(ArrayList.java:1511)
... Removed 27 stack frames]]>
    </failure>
  </testcase> <!-- runLocationWiseBedDetail -->
  <testcase classname="com.medmantra.testcases.Admission.TC_095_CreditPatientList" name="runCreditPatientList" time="90.686"/>
  <testcase classname="com.medmantra.testcases.Admission.TC_097_DeadPatientList" name="runDeadPatientList" time="54.638"/>
  <testcase classname="com.medmantra.testcases.Admission.TC_102_Reports_SpecialNotes" name="runSpecialNotes" time="43.348"/>
  <testcase classname="com.medmantra.testcases.Admission.TC_108_Reports_PatientLocationWise" name="runPatientLocationWise" time="46.579"/>
  <testcase classname="com.medmantra.testcases.Admission.TC_116_Reports_AdmissionSearch" name="runAdmissionSearch" time="37.375"/>
  <testcase classname="com.framework.utils.Reporter" name="@AfterSuite endResult" time="0.0">
    <ignored/>
  </testcase> <!-- @AfterSuite endResult -->
  <testcase classname="com.framework.utils.Reporter" name="@AfterSuite endResult" time="0.0">
    <ignored/>
  </testcase> <!-- @AfterSuite endResult -->
  <testcase classname="com.framework.utils.Reporter" name="@AfterSuite endResult" time="0.0">
    <ignored/>
  </testcase> <!-- @AfterSuite endResult -->
  <testcase classname="com.framework.utils.Reporter" name="@AfterSuite endResult" time="0.0">
    <ignored/>
  </testcase> <!-- @AfterSuite endResult -->
  <testcase classname="com.framework.utils.Reporter" name="@AfterSuite endResult" time="0.0">
    <ignored/>
  </testcase> <!-- @AfterSuite endResult -->
  <testcase classname="com.framework.utils.Reporter" name="@AfterSuite endResult" time="0.0">
    <ignored/>
  </testcase> <!-- @AfterSuite endResult -->
  <testcase classname="com.framework.utils.Reporter" name="@AfterSuite endResult" time="0.0">
    <ignored/>
  </testcase> <!-- @AfterSuite endResult -->
  <testcase classname="com.framework.utils.Reporter" name="@AfterSuite endResult" time="0.0">
    <ignored/>
  </testcase> <!-- @AfterSuite endResult -->
  <testcase classname="com.framework.utils.Reporter" name="@AfterSuite endResult" time="0.0">
    <ignored/>
  </testcase> <!-- @AfterSuite endResult -->
  <testcase classname="com.framework.utils.Reporter" name="@AfterSuite endResult" time="0.0">
    <ignored/>
  </testcase> <!-- @AfterSuite endResult -->
  <testcase classname="com.framework.utils.Reporter" name="@AfterSuite endResult" time="0.0">
    <ignored/>
  </testcase> <!-- @AfterSuite endResult -->
  <testcase classname="com.framework.utils.Reporter" name="@AfterSuite endResult" time="0.0">
    <ignored/>
  </testcase> <!-- @AfterSuite endResult -->
  <testcase classname="com.framework.utils.Reporter" name="@AfterSuite endResult" time="0.0">
    <ignored/>
  </testcase> <!-- @AfterSuite endResult -->
  <testcase classname="com.framework.utils.Reporter" name="@AfterSuite endResult" time="0.0">
    <ignored/>
  </testcase> <!-- @AfterSuite endResult -->
  <testcase classname="com.framework.utils.Reporter" name="@AfterSuite endResult" time="0.0">
    <ignored/>
  </testcase> <!-- @AfterSuite endResult -->
  <testcase classname="com.framework.utils.Reporter" name="@AfterSuite endResult" time="0.0">
    <ignored/>
  </testcase> <!-- @AfterSuite endResult -->
  <testcase classname="com.framework.utils.Reporter" name="@AfterSuite endResult" time="0.0">
    <ignored/>
  </testcase> <!-- @AfterSuite endResult -->
  <testcase classname="com.framework.utils.Reporter" name="@AfterSuite endResult" time="0.0">
    <ignored/>
  </testcase> <!-- @AfterSuite endResult -->
  <testcase classname="com.framework.utils.Reporter" name="@AfterSuite endResult" time="0.0">
    <ignored/>
  </testcase> <!-- @AfterSuite endResult -->
  <testcase classname="com.framework.utils.Reporter" name="@AfterSuite endResult" time="0.0">
    <ignored/>
  </testcase> <!-- @AfterSuite endResult -->
  <testcase classname="com.framework.utils.Reporter" name="@AfterSuite endResult" time="0.0">
    <ignored/>
  </testcase> <!-- @AfterSuite endResult -->
  <testcase classname="com.framework.utils.Reporter" name="@AfterSuite endResult" time="0.0">
    <ignored/>
  </testcase> <!-- @AfterSuite endResult -->
  <testcase classname="com.framework.utils.Reporter" name="@AfterSuite endResult" time="0.0">
    <ignored/>
  </testcase> <!-- @AfterSuite endResult -->
  <testcase classname="com.framework.utils.Reporter" name="@AfterSuite endResult" time="0.0">
    <ignored/>
  </testcase> <!-- @AfterSuite endResult -->
  <testcase classname="com.framework.utils.Reporter" name="@AfterSuite endResult" time="0.0">
    <ignored/>
  </testcase> <!-- @AfterSuite endResult -->
  <testcase classname="com.framework.utils.Reporter" name="@AfterSuite endResult" time="0.0">
    <ignored/>
  </testcase> <!-- @AfterSuite endResult -->
  <testcase classname="com.framework.utils.Reporter" name="@AfterSuite endResult" time="0.0">
    <ignored/>
  </testcase> <!-- @AfterSuite endResult -->
  <testcase classname="com.framework.utils.Reporter" name="@AfterSuite endResult" time="0.0">
    <ignored/>
  </testcase> <!-- @AfterSuite endResult -->
  <testcase classname="com.framework.utils.Reporter" name="@AfterSuite endResult" time="0.0">
    <ignored/>
  </testcase> <!-- @AfterSuite endResult -->
  <testcase classname="com.framework.utils.Reporter" name="@AfterSuite endResult" time="0.0">
    <ignored/>
  </testcase> <!-- @AfterSuite endResult -->
  <testcase classname="com.framework.utils.Reporter" name="@AfterSuite endResult" time="0.0">
    <ignored/>
  </testcase> <!-- @AfterSuite endResult -->
  <testcase classname="com.framework.utils.Reporter" name="@AfterSuite endResult" time="0.0">
    <ignored/>
  </testcase> <!-- @AfterSuite endResult -->
  <testcase classname="com.framework.utils.Reporter" name="@AfterSuite endResult" time="0.0">
    <ignored/>
  </testcase> <!-- @AfterSuite endResult -->
  <testcase classname="com.framework.utils.Reporter" name="@AfterSuite endResult" time="0.0">
    <ignored/>
  </testcase> <!-- @AfterSuite endResult -->
  <testcase classname="com.framework.utils.Reporter" name="@AfterSuite endResult" time="0.0">
    <ignored/>
  </testcase> <!-- @AfterSuite endResult -->
  <testcase classname="com.framework.utils.Reporter" name="@AfterSuite endResult" time="0.0">
    <ignored/>
  </testcase> <!-- @AfterSuite endResult -->
  <testcase classname="com.framework.utils.Reporter" name="@AfterSuite endResult" time="0.0">
    <ignored/>
  </testcase> <!-- @AfterSuite endResult -->
  <testcase classname="com.framework.utils.Reporter" name="@AfterSuite endResult" time="0.0">
    <ignored/>
  </testcase> <!-- @AfterSuite endResult -->
  <testcase classname="com.framework.utils.Reporter" name="@AfterSuite endResult" time="0.0">
    <ignored/>
  </testcase> <!-- @AfterSuite endResult -->
  <testcase classname="com.framework.utils.Reporter" name="@AfterSuite endResult" time="0.0">
    <ignored/>
  </testcase> <!-- @AfterSuite endResult -->
  <testcase classname="com.framework.utils.Reporter" name="@AfterSuite endResult" time="0.0">
    <ignored/>
  </testcase> <!-- @AfterSuite endResult -->
  <testcase classname="com.framework.utils.Reporter" name="@AfterSuite endResult" time="0.0">
    <ignored/>
  </testcase> <!-- @AfterSuite endResult -->
  <testcase classname="com.framework.utils.Reporter" name="@AfterSuite endResult" time="0.0">
    <ignored/>
  </testcase> <!-- @AfterSuite endResult -->
  <testcase classname="com.framework.utils.Reporter" name="@AfterSuite endResult" time="0.0">
    <ignored/>
  </testcase> <!-- @AfterSuite endResult -->
  <testcase classname="com.framework.utils.Reporter" name="@AfterSuite endResult" time="0.0">
    <ignored/>
  </testcase> <!-- @AfterSuite endResult -->
  <testcase classname="com.framework.utils.Reporter" name="@AfterSuite endResult" time="0.0">
    <ignored/>
  </testcase> <!-- @AfterSuite endResult -->
  <testcase classname="com.framework.utils.Reporter" name="@AfterSuite endResult" time="0.0">
    <ignored/>
  </testcase> <!-- @AfterSuite endResult -->
  <testcase classname="com.framework.utils.Reporter" name="@AfterSuite endResult" time="0.0">
    <ignored/>
  </testcase> <!-- @AfterSuite endResult -->
  <testcase classname="com.framework.utils.Reporter" name="@AfterSuite endResult" time="0.0">
    <ignored/>
  </testcase> <!-- @AfterSuite endResult -->
  <testcase classname="com.framework.utils.Reporter" name="@AfterSuite endResult" time="0.0">
    <ignored/>
  </testcase> <!-- @AfterSuite endResult -->
  <testcase classname="com.framework.utils.Reporter" name="@AfterSuite endResult" time="0.0">
    <ignored/>
  </testcase> <!-- @AfterSuite endResult -->
  <testcase classname="com.framework.utils.Reporter" name="@AfterSuite endResult" time="0.0">
    <ignored/>
  </testcase> <!-- @AfterSuite endResult -->
  <testcase classname="com.framework.testng.api.base.ProjectSpecificMethods" name="@BeforeSuite url" time="0.0">
    <ignored/>
  </testcase> <!-- @BeforeSuite url -->
  <testcase classname="com.framework.testng.api.base.ProjectSpecificMethods" name="@BeforeSuite url" time="0.0">
    <ignored/>
  </testcase> <!-- @BeforeSuite url -->
  <testcase classname="com.framework.testng.api.base.ProjectSpecificMethods" name="@BeforeSuite url" time="0.0">
    <ignored/>
  </testcase> <!-- @BeforeSuite url -->
  <testcase classname="com.framework.testng.api.base.ProjectSpecificMethods" name="@BeforeSuite url" time="0.0">
    <ignored/>
  </testcase> <!-- @BeforeSuite url -->
  <testcase classname="com.framework.testng.api.base.ProjectSpecificMethods" name="@BeforeSuite url" time="0.0">
    <ignored/>
  </testcase> <!-- @BeforeSuite url -->
  <testcase classname="com.framework.testng.api.base.ProjectSpecificMethods" name="@BeforeSuite url" time="0.0">
    <ignored/>
  </testcase> <!-- @BeforeSuite url -->
  <testcase classname="com.framework.testng.api.base.ProjectSpecificMethods" name="@BeforeSuite url" time="0.0">
    <ignored/>
  </testcase> <!-- @BeforeSuite url -->
  <testcase classname="com.framework.testng.api.base.ProjectSpecificMethods" name="@BeforeSuite url" time="0.0">
    <ignored/>
  </testcase> <!-- @BeforeSuite url -->
  <testcase classname="com.framework.testng.api.base.ProjectSpecificMethods" name="@BeforeSuite url" time="0.0">
    <ignored/>
  </testcase> <!-- @BeforeSuite url -->
  <testcase classname="com.framework.testng.api.base.ProjectSpecificMethods" name="@BeforeSuite url" time="0.0">
    <ignored/>
  </testcase> <!-- @BeforeSuite url -->
  <testcase classname="com.framework.testng.api.base.ProjectSpecificMethods" name="@BeforeSuite url" time="0.0">
    <ignored/>
  </testcase> <!-- @BeforeSuite url -->
  <testcase classname="com.framework.testng.api.base.ProjectSpecificMethods" name="@BeforeSuite url" time="0.0">
    <ignored/>
  </testcase> <!-- @BeforeSuite url -->
  <testcase classname="com.framework.testng.api.base.ProjectSpecificMethods" name="@BeforeSuite url" time="0.0">
    <ignored/>
  </testcase> <!-- @BeforeSuite url -->
  <testcase classname="com.framework.testng.api.base.ProjectSpecificMethods" name="@BeforeSuite url" time="0.0">
    <ignored/>
  </testcase> <!-- @BeforeSuite url -->
  <testcase classname="com.framework.testng.api.base.ProjectSpecificMethods" name="@BeforeSuite url" time="0.0">
    <ignored/>
  </testcase> <!-- @BeforeSuite url -->
  <testcase classname="com.framework.testng.api.base.ProjectSpecificMethods" name="@BeforeSuite url" time="0.0">
    <ignored/>
  </testcase> <!-- @BeforeSuite url -->
  <testcase classname="com.framework.testng.api.base.ProjectSpecificMethods" name="@BeforeSuite url" time="0.0">
    <ignored/>
  </testcase> <!-- @BeforeSuite url -->
  <testcase classname="com.framework.testng.api.base.ProjectSpecificMethods" name="@BeforeSuite url" time="0.0">
    <ignored/>
  </testcase> <!-- @BeforeSuite url -->
  <testcase classname="com.framework.testng.api.base.ProjectSpecificMethods" name="@BeforeSuite url" time="0.0">
    <ignored/>
  </testcase> <!-- @BeforeSuite url -->
  <testcase classname="com.framework.testng.api.base.ProjectSpecificMethods" name="@BeforeSuite url" time="0.0">
    <ignored/>
  </testcase> <!-- @BeforeSuite url -->
  <testcase classname="com.framework.testng.api.base.ProjectSpecificMethods" name="@BeforeSuite url" time="0.0">
    <ignored/>
  </testcase> <!-- @BeforeSuite url -->
  <testcase classname="com.framework.testng.api.base.ProjectSpecificMethods" name="@BeforeSuite url" time="0.0">
    <ignored/>
  </testcase> <!-- @BeforeSuite url -->
  <testcase classname="com.framework.testng.api.base.ProjectSpecificMethods" name="@BeforeSuite url" time="0.0">
    <ignored/>
  </testcase> <!-- @BeforeSuite url -->
  <testcase classname="com.framework.testng.api.base.ProjectSpecificMethods" name="@BeforeSuite url" time="0.0">
    <ignored/>
  </testcase> <!-- @BeforeSuite url -->
  <testcase classname="com.framework.testng.api.base.ProjectSpecificMethods" name="@BeforeSuite url" time="0.0">
    <ignored/>
  </testcase> <!-- @BeforeSuite url -->
  <testcase classname="com.framework.testng.api.base.ProjectSpecificMethods" name="@BeforeSuite url" time="0.0">
    <ignored/>
  </testcase> <!-- @BeforeSuite url -->
  <testcase classname="com.framework.testng.api.base.ProjectSpecificMethods" name="@BeforeSuite url" time="0.0">
    <ignored/>
  </testcase> <!-- @BeforeSuite url -->
  <testcase classname="com.framework.testng.api.base.ProjectSpecificMethods" name="@BeforeSuite url" time="0.0">
    <ignored/>
  </testcase> <!-- @BeforeSuite url -->
  <testcase classname="com.framework.testng.api.base.ProjectSpecificMethods" name="@BeforeSuite url" time="0.0">
    <ignored/>
  </testcase> <!-- @BeforeSuite url -->
  <testcase classname="com.framework.testng.api.base.ProjectSpecificMethods" name="@BeforeSuite url" time="0.0">
    <ignored/>
  </testcase> <!-- @BeforeSuite url -->
  <testcase classname="com.framework.testng.api.base.ProjectSpecificMethods" name="@BeforeSuite url" time="0.0">
    <ignored/>
  </testcase> <!-- @BeforeSuite url -->
  <testcase classname="com.framework.testng.api.base.ProjectSpecificMethods" name="@BeforeSuite url" time="0.0">
    <ignored/>
  </testcase> <!-- @BeforeSuite url -->
  <testcase classname="com.framework.testng.api.base.ProjectSpecificMethods" name="@BeforeSuite url" time="0.0">
    <ignored/>
  </testcase> <!-- @BeforeSuite url -->
  <testcase classname="com.framework.testng.api.base.ProjectSpecificMethods" name="@BeforeSuite url" time="0.0">
    <ignored/>
  </testcase> <!-- @BeforeSuite url -->
  <testcase classname="com.framework.testng.api.base.ProjectSpecificMethods" name="@BeforeSuite url" time="0.0">
    <ignored/>
  </testcase> <!-- @BeforeSuite url -->
  <testcase classname="com.framework.testng.api.base.ProjectSpecificMethods" name="@BeforeSuite url" time="0.0">
    <ignored/>
  </testcase> <!-- @BeforeSuite url -->
  <testcase classname="com.framework.testng.api.base.ProjectSpecificMethods" name="@BeforeSuite url" time="0.0">
    <ignored/>
  </testcase> <!-- @BeforeSuite url -->
  <testcase classname="com.framework.testng.api.base.ProjectSpecificMethods" name="@BeforeSuite url" time="0.0">
    <ignored/>
  </testcase> <!-- @BeforeSuite url -->
  <testcase classname="com.framework.testng.api.base.ProjectSpecificMethods" name="@BeforeSuite url" time="0.0">
    <ignored/>
  </testcase> <!-- @BeforeSuite url -->
  <testcase classname="com.framework.testng.api.base.ProjectSpecificMethods" name="@BeforeSuite url" time="0.0">
    <ignored/>
  </testcase> <!-- @BeforeSuite url -->
  <testcase classname="com.framework.testng.api.base.ProjectSpecificMethods" name="@BeforeSuite url" time="0.0">
    <ignored/>
  </testcase> <!-- @BeforeSuite url -->
  <testcase classname="com.framework.testng.api.base.ProjectSpecificMethods" name="@BeforeSuite url" time="0.0">
    <ignored/>
  </testcase> <!-- @BeforeSuite url -->
  <testcase classname="com.framework.testng.api.base.ProjectSpecificMethods" name="@BeforeSuite url" time="0.0">
    <ignored/>
  </testcase> <!-- @BeforeSuite url -->
  <testcase classname="com.framework.testng.api.base.ProjectSpecificMethods" name="@BeforeSuite url" time="0.0">
    <ignored/>
  </testcase> <!-- @BeforeSuite url -->
  <testcase classname="com.framework.testng.api.base.ProjectSpecificMethods" name="@BeforeSuite url" time="0.0">
    <ignored/>
  </testcase> <!-- @BeforeSuite url -->
  <testcase classname="com.framework.testng.api.base.ProjectSpecificMethods" name="@BeforeSuite url" time="0.0">
    <ignored/>
  </testcase> <!-- @BeforeSuite url -->
  <testcase classname="com.framework.testng.api.base.ProjectSpecificMethods" name="@BeforeSuite url" time="0.0">
    <ignored/>
  </testcase> <!-- @BeforeSuite url -->
  <testcase classname="com.framework.testng.api.base.ProjectSpecificMethods" name="@BeforeSuite url" time="0.0">
    <ignored/>
  </testcase> <!-- @BeforeSuite url -->
  <testcase classname="com.framework.testng.api.base.ProjectSpecificMethods" name="@BeforeSuite url" time="0.0">
    <ignored/>
  </testcase> <!-- @BeforeSuite url -->
  <testcase classname="com.framework.testng.api.base.ProjectSpecificMethods" name="@BeforeSuite url" time="0.0">
    <ignored/>
  </testcase> <!-- @BeforeSuite url -->
  <testcase classname="com.framework.testng.api.base.ProjectSpecificMethods" name="@BeforeSuite url" time="0.0">
    <ignored/>
  </testcase> <!-- @BeforeSuite url -->
  <testcase classname="com.framework.testng.api.base.ProjectSpecificMethods" name="@BeforeSuite url" time="0.0">
    <ignored/>
  </testcase> <!-- @BeforeSuite url -->
  <testcase classname="com.framework.utils.Reporter" name="@BeforeSuite startReport" time="0.0">
    <ignored/>
  </testcase> <!-- @BeforeSuite startReport -->
  <testcase classname="com.framework.utils.Reporter" name="@BeforeSuite startReport" time="0.0">
    <ignored/>
  </testcase> <!-- @BeforeSuite startReport -->
  <testcase classname="com.framework.utils.Reporter" name="@BeforeSuite startReport" time="0.0">
    <ignored/>
  </testcase> <!-- @BeforeSuite startReport -->
  <testcase classname="com.framework.utils.Reporter" name="@BeforeSuite startReport" time="0.0">
    <ignored/>
  </testcase> <!-- @BeforeSuite startReport -->
  <testcase classname="com.framework.utils.Reporter" name="@BeforeSuite startReport" time="0.0">
    <ignored/>
  </testcase> <!-- @BeforeSuite startReport -->
  <testcase classname="com.framework.utils.Reporter" name="@BeforeSuite startReport" time="0.0">
    <ignored/>
  </testcase> <!-- @BeforeSuite startReport -->
  <testcase classname="com.framework.utils.Reporter" name="@BeforeSuite startReport" time="0.0">
    <ignored/>
  </testcase> <!-- @BeforeSuite startReport -->
  <testcase classname="com.framework.utils.Reporter" name="@BeforeSuite startReport" time="0.0">
    <ignored/>
  </testcase> <!-- @BeforeSuite startReport -->
  <testcase classname="com.framework.utils.Reporter" name="@BeforeSuite startReport" time="0.0">
    <ignored/>
  </testcase> <!-- @BeforeSuite startReport -->
  <testcase classname="com.framework.utils.Reporter" name="@BeforeSuite startReport" time="0.0">
    <ignored/>
  </testcase> <!-- @BeforeSuite startReport -->
  <testcase classname="com.framework.utils.Reporter" name="@BeforeSuite startReport" time="0.0">
    <ignored/>
  </testcase> <!-- @BeforeSuite startReport -->
  <testcase classname="com.framework.utils.Reporter" name="@BeforeSuite startReport" time="0.0">
    <ignored/>
  </testcase> <!-- @BeforeSuite startReport -->
  <testcase classname="com.framework.utils.Reporter" name="@BeforeSuite startReport" time="0.0">
    <ignored/>
  </testcase> <!-- @BeforeSuite startReport -->
  <testcase classname="com.framework.utils.Reporter" name="@BeforeSuite startReport" time="0.0">
    <ignored/>
  </testcase> <!-- @BeforeSuite startReport -->
  <testcase classname="com.framework.utils.Reporter" name="@BeforeSuite startReport" time="0.0">
    <ignored/>
  </testcase> <!-- @BeforeSuite startReport -->
  <testcase classname="com.framework.utils.Reporter" name="@BeforeSuite startReport" time="0.0">
    <ignored/>
  </testcase> <!-- @BeforeSuite startReport -->
  <testcase classname="com.framework.utils.Reporter" name="@BeforeSuite startReport" time="0.0">
    <ignored/>
  </testcase> <!-- @BeforeSuite startReport -->
  <testcase classname="com.framework.utils.Reporter" name="@BeforeSuite startReport" time="0.0">
    <ignored/>
  </testcase> <!-- @BeforeSuite startReport -->
  <testcase classname="com.framework.utils.Reporter" name="@BeforeSuite startReport" time="0.0">
    <ignored/>
  </testcase> <!-- @BeforeSuite startReport -->
  <testcase classname="com.framework.utils.Reporter" name="@BeforeSuite startReport" time="0.0">
    <ignored/>
  </testcase> <!-- @BeforeSuite startReport -->
  <testcase classname="com.framework.utils.Reporter" name="@BeforeSuite startReport" time="0.0">
    <ignored/>
  </testcase> <!-- @BeforeSuite startReport -->
  <testcase classname="com.framework.utils.Reporter" name="@BeforeSuite startReport" time="0.0">
    <ignored/>
  </testcase> <!-- @BeforeSuite startReport -->
  <testcase classname="com.framework.utils.Reporter" name="@BeforeSuite startReport" time="0.0">
    <ignored/>
  </testcase> <!-- @BeforeSuite startReport -->
  <testcase classname="com.framework.utils.Reporter" name="@BeforeSuite startReport" time="0.0">
    <ignored/>
  </testcase> <!-- @BeforeSuite startReport -->
  <testcase classname="com.framework.utils.Reporter" name="@BeforeSuite startReport" time="0.0">
    <ignored/>
  </testcase> <!-- @BeforeSuite startReport -->
  <testcase classname="com.framework.utils.Reporter" name="@BeforeSuite startReport" time="0.0">
    <ignored/>
  </testcase> <!-- @BeforeSuite startReport -->
  <testcase classname="com.framework.utils.Reporter" name="@BeforeSuite startReport" time="0.0">
    <ignored/>
  </testcase> <!-- @BeforeSuite startReport -->
  <testcase classname="com.framework.utils.Reporter" name="@BeforeSuite startReport" time="0.0">
    <ignored/>
  </testcase> <!-- @BeforeSuite startReport -->
  <testcase classname="com.framework.utils.Reporter" name="@BeforeSuite startReport" time="0.0">
    <ignored/>
  </testcase> <!-- @BeforeSuite startReport -->
  <testcase classname="com.framework.utils.Reporter" name="@BeforeSuite startReport" time="0.0">
    <ignored/>
  </testcase> <!-- @BeforeSuite startReport -->
  <testcase classname="com.framework.utils.Reporter" name="@BeforeSuite startReport" time="0.0">
    <ignored/>
  </testcase> <!-- @BeforeSuite startReport -->
  <testcase classname="com.framework.utils.Reporter" name="@BeforeSuite startReport" time="0.0">
    <ignored/>
  </testcase> <!-- @BeforeSuite startReport -->
  <testcase classname="com.framework.utils.Reporter" name="@BeforeSuite startReport" time="0.0">
    <ignored/>
  </testcase> <!-- @BeforeSuite startReport -->
  <testcase classname="com.framework.utils.Reporter" name="@BeforeSuite startReport" time="0.0">
    <ignored/>
  </testcase> <!-- @BeforeSuite startReport -->
  <testcase classname="com.framework.utils.Reporter" name="@BeforeSuite startReport" time="0.0">
    <ignored/>
  </testcase> <!-- @BeforeSuite startReport -->
  <testcase classname="com.framework.utils.Reporter" name="@BeforeSuite startReport" time="0.0">
    <ignored/>
  </testcase> <!-- @BeforeSuite startReport -->
  <testcase classname="com.framework.utils.Reporter" name="@BeforeSuite startReport" time="0.0">
    <ignored/>
  </testcase> <!-- @BeforeSuite startReport -->
  <testcase classname="com.framework.utils.Reporter" name="@BeforeSuite startReport" time="0.0">
    <ignored/>
  </testcase> <!-- @BeforeSuite startReport -->
  <testcase classname="com.framework.utils.Reporter" name="@BeforeSuite startReport" time="0.0">
    <ignored/>
  </testcase> <!-- @BeforeSuite startReport -->
  <testcase classname="com.framework.utils.Reporter" name="@BeforeSuite startReport" time="0.0">
    <ignored/>
  </testcase> <!-- @BeforeSuite startReport -->
  <testcase classname="com.framework.utils.Reporter" name="@BeforeSuite startReport" time="0.0">
    <ignored/>
  </testcase> <!-- @BeforeSuite startReport -->
  <testcase classname="com.framework.utils.Reporter" name="@BeforeSuite startReport" time="0.0">
    <ignored/>
  </testcase> <!-- @BeforeSuite startReport -->
  <testcase classname="com.framework.utils.Reporter" name="@BeforeSuite startReport" time="0.0">
    <ignored/>
  </testcase> <!-- @BeforeSuite startReport -->
  <testcase classname="com.framework.utils.Reporter" name="@BeforeSuite startReport" time="0.0">
    <ignored/>
  </testcase> <!-- @BeforeSuite startReport -->
  <testcase classname="com.framework.utils.Reporter" name="@BeforeSuite startReport" time="0.0">
    <ignored/>
  </testcase> <!-- @BeforeSuite startReport -->
  <testcase classname="com.framework.utils.Reporter" name="@BeforeSuite startReport" time="0.0">
    <ignored/>
  </testcase> <!-- @BeforeSuite startReport -->
  <testcase classname="com.framework.utils.Reporter" name="@BeforeSuite startReport" time="0.0">
    <ignored/>
  </testcase> <!-- @BeforeSuite startReport -->
  <testcase classname="com.framework.utils.Reporter" name="@BeforeSuite startReport" time="0.0">
    <ignored/>
  </testcase> <!-- @BeforeSuite startReport -->
  <testcase classname="com.framework.utils.Reporter" name="@BeforeSuite startReport" time="0.0">
    <ignored/>
  </testcase> <!-- @BeforeSuite startReport -->
  <testcase classname="com.framework.utils.Reporter" name="@BeforeSuite startReport" time="0.0">
    <ignored/>
  </testcase> <!-- @BeforeSuite startReport -->
  <testcase classname="com.framework.utils.Reporter" name="@BeforeSuite startReport" time="0.0">
    <ignored/>
  </testcase> <!-- @BeforeSuite startReport -->
  <testcase classname="com.framework.utils.Reporter" name="@BeforeSuite startReport" time="0.0">
    <ignored/>
  </testcase> <!-- @BeforeSuite startReport -->
</testsuite> <!-- TC_025 - TC_116 -->
