<?xml version="1.0" encoding="UTF-8"?>
<!-- Generated by org.testng.reporters.JUnitXMLReporter -->
<testsuite ignored="0" hostname="DESKTOP-6CGC2KB" failures="1" tests="1" name="TC_074" time="16.839" errors="0" timestamp="2022-08-18T13:12:26 IST">
  <testcase classname="com.medmantra.testcases.OPBilling.TC_074_BillingExecution_BillEstimationViewallEstimation" name="runBillEstimationViewallEstimation" time="14.485">
    <failure type="java.lang.RuntimeException" message="See the reporter for details.">
      <![CDATA[java.lang.RuntimeException: See the reporter for details.
at com.framework.utils.Reporter.reportStep(Reporter.java:92)
at com.framework.selenium.api.base.SeleniumBase.switchToLastWin(SeleniumBase.java:1225)
at com.medmantra.pages.BillEstimationPage.clickViewAllEstimation(BillEstimationPage.java:70)
at com.medmantra.testcases.OPBilling.TC_074_BillingExecution_BillEstimationViewallEstimation.runBillEstimationViewallEstimation(TC_074_BillingExecution_BillEstimationViewallEstimation.java:33)
at java.base/java.util.ArrayList.forEach(ArrayList.java:1511)
... Removed 27 stack frames]]>
    </failure>
  </testcase> <!-- runBillEstimationViewallEstimation -->
</testsuite> <!-- TC_074 -->
