<?xml version="1.0" encoding="UTF-8"?>
<!-- Generated by org.testng.reporters.JUnitXMLReporter -->
<testsuite ignored="0" hostname="EC-AUTOMA-001" failures="1" tests="3" name="TC_034" time="259.12" errors="0" timestamp="2022-09-13T06:29:05 PDT">
  <testcase classname="com.medmantra.testcases.Laboratory.TC_034_LAB_SampleCollectionNewSIN" name="IPSampleCollectionNewSIN" time="195.323">
    <skipped/>
  </testcase> <!-- IPSampleCollectionNewSIN -->
  <testcase classname="com.medmantra.testcases.Laboratory.TC_034_LAB_SampleCollectionNewSIN" name="IPSampleCollectionNewSIN" time="26.813">
    <skipped/>
  </testcase> <!-- IPSampleCollectionNewSIN -->
  <testcase classname="com.medmantra.testcases.Laboratory.TC_034_LAB_SampleCollectionNewSIN" name="IPSampleCollectionNewSIN" time="24.822">
    <failure type="java.lang.RuntimeException" message="See the reporter for details.">
      <![CDATA[java.lang.RuntimeException: See the reporter for details.
at com.framework.utils.Reporter.reportStep(Reporter.java:92)
at com.framework.utils.Reporter.reportStep(Reporter.java:107)
at com.framework.selenium.api.base.SeleniumBase.takeSnap(SeleniumBase.java:913)
at com.framework.utils.Reporter.reportStep(Reporter.java:80)
at com.framework.utils.Reporter.reportStep(Reporter.java:107)
at com.framework.selenium.api.base.SeleniumBase.takeSnap(SeleniumBase.java:913)
at com.framework.utils.Reporter.reportStep(Reporter.java:80)
at com.framework.utils.Reporter.reportStep(Reporter.java:107)
at com.medmantra.pages.SpecimenCollectionPage.clickGobutton(SpecimenCollectionPage.java:20)
at com.medmantra.testcases.Laboratory.TC_034_LAB_SampleCollectionNewSIN.IPSampleCollectionNewSIN(TC_034_LAB_SampleCollectionNewSIN.java:33)
at java.base/java.util.ArrayList.forEach(ArrayList.java:1511)
... Removed 27 stack frames]]>
    </failure>
  </testcase> <!-- IPSampleCollectionNewSIN -->
</testsuite> <!-- TC_034 -->
