<?xml version="1.0" encoding="UTF-8"?>
<!-- Generated by org.testng.reporters.JUnitXMLReporter -->
<testsuite ignored="9" hostname="DESKTOP-6CGC2KB" failures="4" tests="4" name="TC_50" time="287.405" errors="0" timestamp="2022-09-28T11:18:08 IST">
  <testcase classname="com.medmantra.testcases.Laboratory.ToCreateLRNNumber" name="createLRN" time="77.975">
    <failure type="java.lang.RuntimeException" message="See the reporter for details.">
      <![CDATA[java.lang.RuntimeException: See the reporter for details.
at com.framework.utils.Reporter.reportStep(Reporter.java:99)
at com.framework.selenium.api.base.SeleniumBase.switchToWindow(SeleniumBase.java:782)
at com.medmantra.pages.ServiceRequestScreenPage.getLRNNum(ServiceRequestScreenPage.java:108)
at com.medmantra.testcases.Laboratory.ToCreateLRNNumber.createLRN(ToCreateLRNNumber.java:66)
at java.base/java.util.ArrayList.forEach(ArrayList.java:1511)
... Removed 27 stack frames]]>
    </failure>
  </testcase> <!-- createLRN -->
  <testcase classname="com.medmantra.testcases.Laboratory.TC_029_LAB_IPSampleCollection" name="IPSampleCollection" time="124.437">
    <failure type="java.lang.RuntimeException" message="See the reporter for details.">
      <![CDATA[java.lang.RuntimeException: See the reporter for details.
at com.framework.utils.Reporter.reportStep(Reporter.java:99)
at com.framework.utils.Reporter.reportStep(Reporter.java:113)
at com.framework.selenium.api.base.SeleniumBase.locateElement(SeleniumBase.java:629)
at com.medmantra.pages.IPSampleCollectionPage.clickOnTest(IPSampleCollectionPage.java:33)
at com.medmantra.testcases.Laboratory.TC_029_LAB_IPSampleCollection.IPSampleCollection(TC_029_LAB_IPSampleCollection.java:34)
at java.base/java.util.ArrayList.forEach(ArrayList.java:1511)
... Removed 27 stack frames]]>
    </failure>
  </testcase> <!-- IPSampleCollection -->
  <testcase classname="com.medmantra.testcases.Laboratory.TC_037_LAB_ReceiveSamples" name="ReceiveSamples" time="35.562">
    <failure type="java.lang.RuntimeException" message="See the reporter for details.">
      <![CDATA[java.lang.RuntimeException: See the reporter for details.
at com.framework.utils.Reporter.reportStep(Reporter.java:99)
at com.framework.utils.Reporter.reportStep(Reporter.java:113)
at com.framework.selenium.api.base.SeleniumBase.locateElement(SeleniumBase.java:632)
at com.medmantra.pages.PrepareSampleInternalPage.clickReceiveSamplesbutton(PrepareSampleInternalPage.java:40)
at com.medmantra.testcases.Laboratory.TC_037_LAB_ReceiveSamples.ReceiveSamples(TC_037_LAB_ReceiveSamples.java:53)
at java.base/java.util.ArrayList.forEach(ArrayList.java:1511)
... Removed 27 stack frames]]>
    </failure>
  </testcase> <!-- ReceiveSamples -->
  <testcase classname="com.medmantra.testcases.Laboratory.TC_050_LAB_BioChemistryRepeat" name="runBioChemistryRepeat" time="30.471">
    <failure type="java.lang.RuntimeException" message="See the reporter for details.">
      <![CDATA[java.lang.RuntimeException: See the reporter for details.
at com.framework.utils.Reporter.reportStep(Reporter.java:99)
at com.framework.utils.Reporter.reportStep(Reporter.java:113)
at com.framework.selenium.api.base.SeleniumBase.takeSnap(SeleniumBase.java:912)
at com.framework.utils.Reporter.reportStep(Reporter.java:87)
at com.framework.utils.Reporter.reportStep(Reporter.java:113)
at com.medmantra.pages.ProcessSampleManualPage.clickSearchbutton(ProcessSampleManualPage.java:22)
at com.medmantra.testcases.Laboratory.TC_050_LAB_BioChemistryRepeat.runBioChemistryRepeat(TC_050_LAB_BioChemistryRepeat.java:35)
at java.base/java.util.ArrayList.forEach(ArrayList.java:1511)
... Removed 27 stack frames]]>
    </failure>
  </testcase> <!-- runBioChemistryRepeat -->
  <testcase classname="com.framework.utils.Reporter" name="@BeforeSuite startReport" time="0.0">
    <ignored/>
  </testcase> <!-- @BeforeSuite startReport -->
  <testcase classname="com.framework.utils.Reporter" name="@BeforeSuite startReport" time="0.0">
    <ignored/>
  </testcase> <!-- @BeforeSuite startReport -->
  <testcase classname="com.framework.utils.Reporter" name="@BeforeSuite startReport" time="0.0">
    <ignored/>
  </testcase> <!-- @BeforeSuite startReport -->
  <testcase classname="com.framework.testng.api.base.ProjectSpecificMethods" name="@BeforeSuite url" time="0.0">
    <ignored/>
  </testcase> <!-- @BeforeSuite url -->
  <testcase classname="com.framework.testng.api.base.ProjectSpecificMethods" name="@BeforeSuite url" time="0.0">
    <ignored/>
  </testcase> <!-- @BeforeSuite url -->
  <testcase classname="com.framework.testng.api.base.ProjectSpecificMethods" name="@BeforeSuite url" time="0.0">
    <ignored/>
  </testcase> <!-- @BeforeSuite url -->
  <testcase classname="com.framework.utils.Reporter" name="@AfterSuite endResult" time="0.0">
    <ignored/>
  </testcase> <!-- @AfterSuite endResult -->
  <testcase classname="com.framework.utils.Reporter" name="@AfterSuite endResult" time="0.0">
    <ignored/>
  </testcase> <!-- @AfterSuite endResult -->
  <testcase classname="com.framework.utils.Reporter" name="@AfterSuite endResult" time="0.0">
    <ignored/>
  </testcase> <!-- @AfterSuite endResult -->
</testsuite> <!-- TC_50 -->
