<?xml version="1.0" encoding="UTF-8"?>
<!-- Generated by org.testng.reporters.JUnitXMLReporter -->
<testsuite ignored="6" hostname="DESKTOP-6CGC2KB" failures="0" tests="3" name="Test1" time="142.34" errors="0" timestamp="2022-09-26T12:52:30 IST">
  <testcase classname="com.medmantra.testcases.Emergency.TC_029_Emergency_Registration" name="runEmergencyRegistration" time="59.486"/>
  <testcase classname="com.medmantra.testcases.Emergency.TC_EmergencyBedBooking" name="runEmergencyBedBooking" time="56.261"/>
  <testcase classname="com.medmantra.testcases.Emergency.TC_067_TransactionsDashboard_DashboardtabRelease" name="runDashboardRelease" time="19.062"/>
  <testcase classname="com.framework.utils.Reporter" name="@BeforeSuite startReport" time="0.0">
    <ignored/>
  </testcase> <!-- @BeforeSuite startReport -->
  <testcase classname="com.framework.utils.Reporter" name="@BeforeSuite startReport" time="0.0">
    <ignored/>
  </testcase> <!-- @BeforeSuite startReport -->
  <testcase classname="com.framework.testng.api.base.ProjectSpecificMethods" name="@BeforeSuite url" time="0.0">
    <ignored/>
  </testcase> <!-- @BeforeSuite url -->
  <testcase classname="com.framework.testng.api.base.ProjectSpecificMethods" name="@BeforeSuite url" time="0.0">
    <ignored/>
  </testcase> <!-- @BeforeSuite url -->
  <testcase classname="com.framework.utils.Reporter" name="@AfterSuite endResult" time="0.0">
    <ignored/>
  </testcase> <!-- @AfterSuite endResult -->
  <testcase classname="com.framework.utils.Reporter" name="@AfterSuite endResult" time="0.0">
    <ignored/>
  </testcase> <!-- @AfterSuite endResult -->
</testsuite> <!-- Test1 -->
